This is pdfTeX, Version 3.141592-1.40.3 (Web2C 7.5.6) (format=pdflatex 2009.4.5)  13 AUG 2011 18:24
entering extended mode
**guis
(./guis.tex
LaTeX2e <2005/12/01>
Babel <v3.8h> and hyphenation patterns for english, usenglishmax, dumylang, noh
yphenation, arabic, basque, bulgarian, coptic, welsh, czech, slovak, german, ng
erman, danish, esperanto, spanish, catalan, galician, estonian, farsi, finnish,
 french, greek, monogreek, ancientgreek, croatian, hungarian, interlingua, ibyc
us, indonesian, icelandic, italian, latin, mongolian, dutch, norsk, polish, por
tuguese, pinyin, romanian, russian, slovenian, uppersorbian, serbian, swedish, 
turkish, ukenglish, ukrainian, loaded.
(/opt/local/share/texmf-dist/tex/latex/memoir/memoir.cls
Document Class: memoir 2005/09/25 v1.618 configurable document class
\onelineskip=\skip41
\lxvchars=\skip42
\xlvchars=\skip43
\@memcnta=\count79
\stockheight=\skip44
\stockwidth=\skip45
\trimtop=\skip46
\trimedge=\skip47
(./mem10.clo
File: mem10.clo 2008/01/30 v0.3 memoir class 10pt size option
)
\spinemargin=\skip48
\foremargin=\skip49
\uppermargin=\skip50
\lowermargin=\skip51
\headdrop=\skip52
\normalrulethickness=\skip53
\headwidth=\skip54
\c@storedpagenumber=\count80
\thanksmarkwidth=\skip55
\thanksmarksep=\skip56
\droptitle=\skip57
\abstitleskip=\skip58
\absleftindent=\skip59
\abs@leftindent=\dimen102
\absrightindent=\skip60
\absparindent=\skip61
\absparsep=\skip62
\c@part=\count81
\c@chapter=\count82
\c@section=\count83
\c@subsection=\count84
\c@subsubsection=\count85
\c@paragraph=\count86
\c@subparagraph=\count87
\beforechapskip=\skip63
\midchapskip=\skip64
\afterchapskip=\skip65
\chapindent=\skip66
\bottomsectionskip=\skip67
\secindent=\skip68
\beforesecskip=\skip69
\aftersecskip=\skip70
\subsecindent=\skip71
\beforesubsecskip=\skip72
\aftersubsecskip=\skip73
\subsubsecindent=\skip74
\beforesubsubsecskip=\skip75
\aftersubsubsecskip=\skip76
\paraindent=\skip77
\beforeparaskip=\skip78
\afterparaskip=\skip79
\subparaindent=\skip80
\beforesubparaskip=\skip81
\aftersubparaskip=\skip82
\pfbreakskip=\skip83
\c@@ppsavesec=\count88
\c@@ppsaveapp=\count89
\ragrparindent=\dimen103
\parsepi=\skip84
\topsepi=\skip85
\itemsepi=\skip86
\parsepii=\skip87
\topsepii=\skip88
\topsepiii=\skip89
\m@msavetopsep=\skip90
\m@msavepartopsep=\skip91
\@enLab=\toks14
\c@vslineno=\count90
\c@poemline=\count91
\c@modulo@vs=\count92
\vleftskip=\skip92
\vrightskip=\skip93
\stanzaskip=\skip94
\versewidth=\skip95
\vgap=\skip96
\vindent=\skip97
\vleftmargin=\dimen104
\c@verse=\count93
\c@chrsinstr=\count94
\beforepoemtitleskip=\skip98
\afterpoemtitleskip=\skip99
\c@poem=\count95
\beforePoemTitleskip=\skip100
\midPoemTitleskip=\skip101
\afterPoemTitleskip=\skip102
\col@sep=\dimen105
\extrarowheight=\dimen106
\NC@list=\toks15
\extratabsurround=\skip103
\backup@length=\skip104
\TX@col@width=\dimen107
\TX@old@table=\dimen108
\TX@old@col=\dimen109
\TX@target=\dimen110
\TX@delta=\dimen111
\TX@cols=\count96
\TX@ftn=\toks16
\heavyrulewidth=\dimen112
\lightrulewidth=\dimen113
\cmidrulewidth=\dimen114
\belowrulesep=\dimen115
\belowbottomsep=\dimen116
\aboverulesep=\dimen117
\abovetopsep=\dimen118
\cmidrulesep=\dimen119
\cmidrulekern=\dimen120
\defaultaddspace=\dimen121
\@cmidla=\count97
\@cmidlb=\count98
\@aboverulesep=\dimen122
\@belowrulesep=\dimen123
\@thisruleclass=\count99
\@lastruleclass=\count100
\@thisrulewidth=\dimen124
\ctableftskip=\skip105
\ctabrightskip=\skip106
\abovecolumnspenalty=\count101
\@linestogo=\count102
\@cellstogo=\count103
\@cellsincolumn=\count104
\crtok=\toks17
\@mincolumnwidth=\dimen125
\c@newflo@tctr=\count105
\@contcwidth=\skip107
\@contindw=\skip108
\abovecaptionskip=\skip109
\belowcaptionskip=\skip110
\subfloattopskip=\skip111
\subfloatcapskip=\skip112
\subfloatcaptopadj=\skip113
\subfloatbottomskip=\skip114
\subfloatlabelskip=\skip115
\subfloatcapmargin=\dimen126
\c@@contsubnum=\count106
\beforeepigraphskip=\skip116
\afterepigraphskip=\skip117
\epigraphwidth=\skip118
\epigraphrule=\skip119
LaTeX Info: Redefining \em on input line 4895.
LaTeX Info: Redefining \emph on input line 4903.
\tocentryskip=\skip120
\tocbaseline=\skip121
\cftparskip=\skip122
\cftbeforepartskip=\skip123
\cftpartindent=\skip124
\cftpartnumwidth=\skip125
\cftbeforechapterskip=\skip126
\cftchapterindent=\skip127
\cftchapternumwidth=\skip128
\cftbeforesectionskip=\skip129
\cftsectionindent=\skip130
\cftsectionnumwidth=\skip131
\cftbeforesubsectionskip=\skip132
\cftsubsectionindent=\skip133
\cftsubsectionnumwidth=\skip134
\cftbeforesubsubsectionskip=\skip135
\cftsubsubsectionindent=\skip136
\cftsubsubsectionnumwidth=\skip137
\cftbeforeparagraphskip=\skip138
\cftparagraphindent=\skip139
\cftparagraphnumwidth=\skip140
\cftbeforesubparagraphskip=\skip141
\cftsubparagraphindent=\skip142
\cftsubparagraphnumwidth=\skip143
\c@maxsecnumdepth=\count107
\bibindent=\dimen127
\bibitemsep=\skip144
\indexcolsep=\skip145
\indexrule=\skip146
\indexmarkstyle=\toks18
\@indexbox=\insert233
\glossarycolsep=\dimen128
\glossaryrule=\dimen129
\sideparvshift=\skip147
\sideins=\insert232
\sidebarhsep=\skip148
\sidebarvsep=\skip149
\sidebarwidth=\skip150
\footmarkwidth=\skip151
\footmarksep=\skip152
\footparindent=\skip153
\footinsdim=\skip154
\footinsv@r=\insert231
\@mpfootinsv@r=\insert230
\m@m@k=\count108
\m@m@h=\dimen130
\m@mipn@skip=\skip155
\c@sheetsequence=\count109
\c@lastsheet=\count110
\c@lastpage=\count111
\every@verbatim=\toks19
\afterevery@verbatim=\toks20
\verbatim@line=\toks21
\tab@position=\count112
\verbatim@in@stream=\read1
\verbatimindent=\skip156
\verbatim@out=\write3
\bvboxsep=\skip157
\c@bvlinectr=\count113
\bvnumlength=\skip158
\FrameRule=\dimen131
\FrameSep=\dimen132
\c@cp@cntr=\count114
LaTeX Info: Redefining \: on input line 8292.
LaTeX Info: Redefining \! on input line 8294.
\c@ism@mctr=\count115
\c@xsm@mctr=\count116
\c@csm@mctr=\count117
\c@ksm@mctr=\count118
\c@xksm@mctr=\count119
\c@cksm@mctr=\count120
\c@msm@mctr=\count121
\c@xmsm@mctr=\count122
\c@cmsm@mctr=\count123
\c@bsm@mctr=\count124
\c@workm@mctr=\count125
\c@figure=\count126
\c@lofdepth=\count127
\c@lofdepth=\count127
\cftbeforefigureskip=\skip159
\cftfigureindent=\skip160
\cftfigurenumwidth=\skip161
\c@table=\count127
\c@lotdepth=\count128
\c@lotdepth=\count128
\cftbeforetableskip=\skip162
\cfttableindent=\skip163
\cfttablenumwidth=\skip164
Package abstract emulated by memoir.
Package appendix emulated by memoir.
Package array emulated by memoir.
Package booktabs emulated by memoir.
Package ccaption emulated by memoir.
Package chngcntr emulated by memoir.
Package chngpage emulated by memoir.
Package crop emulated by memoir.
Package dcolumn emulated by memoir.
Package delarray emulated by memoir.
Package enumerate emulated by memoir.
Package epigraph emulated by memoir.
Package framed emulated by memoir.
Package ifmtarg emulated by memoir.
Package ifpdf emulated by memoir.
Package index emulated by memoir.
Package makeidx emulated by memoir.
Package moreverb emulated by memoir.
Package needspace emulated by memoir.
Package newfile emulated by memoir.
Package nextpage emulated by memoir.
Package patchcmd emulated by memoir.
Package shortvrb emulated by memoir.
Package showidx emulated by memoir.
Package tabularx emulated by memoir.
Package titleref emulated by memoir.
Package titling emulated by memoir.
Package tocbibind emulated by memoir.
Package tocloft emulated by memoir.
Package verbatim emulated by memoir.
Package verse emulated by memoir.
 (/opt/local/share/texmf-dist/tex/latex/memoir/mempatch.sty
File: mempatch.sty 2007/01/22 v4.8 Patches for memoir class v1.618
\m@mscap@capbox=\box26
\m@mscap@fbox=\box27
\sidecapsep=\dimen133
\sidecapwidth=\dimen134
\m@m@tempdima=\dimen135
\m@mscapraise=\dimen136
\sidecapraise=\dimen137
\m@mscapmainwidth=\dimen138
\m@mscaplkern=\dimen139
\c@book=\count128
\cftbeforebookskip=\skip165
\cftbookindent=\dimen140
\cftbooknumwidth=\dimen141
\c@pagenote=\count129
Package pagenote emulated by memoir.
\cftbeforesectionskip=\skip166
\cftsectionindent=\skip167
\cftsectionnumwidth=\skip168
\cftbeforesubsectionskip=\skip169
\cftsubsectionindent=\skip170
\cftsubsectionnumwidth=\skip171
\cftbeforesubsubsectionskip=\skip172
\cftsubsubsectionindent=\skip173
\cftsubsubsectionnumwidth=\skip174
\cftbeforeparagraphskip=\skip175
\cftparagraphindent=\skip176
\cftparagraphnumwidth=\skip177
\cftbeforesubparagraphskip=\skip178
\cftsubparagraphindent=\skip179
\cftsubparagraphnumwidth=\skip180
\cftbeforefigureskip=\skip181
\cftfigureindent=\skip182
\cftfigurenumwidth=\skip183
\cftbeforetableskip=\skip184
\cfttableindent=\skip185
\cfttablenumwidth=\skip186
\everylistparindent=\dimen142
Package setspace emulated by memoir.
\memPD=\dimen143
Package parskip emulated by memoir.
\m@mabparskip=\skip187
\itemsepii=\skip188
\itemsepiii=\skip189
\partopsepiii=\skip190
\sidebartopsep=\skip191
\c@lofdepth=\count130
\c@lotdepth=\count131
))
(./setup.tex (/opt/local/share/texmf-dist/tex/latex/psnfss/mathptmx.sty
Package: mathptmx 2005/04/12 PSNFSS-v9.2a Times w/ Math, improved (SPQR, WaS) 
LaTeX Font Info:    Redeclaring symbol font `operators' on input line 28.
LaTeX Font Info:    Overwriting symbol font `operators' in version `normal'
(Font)                  OT1/cmr/m/n --> OT1/ztmcm/m/n on input line 28.
LaTeX Font Info:    Overwriting symbol font `operators' in version `bold'
(Font)                  OT1/cmr/bx/n --> OT1/ztmcm/m/n on input line 28.
LaTeX Font Info:    Redeclaring symbol font `letters' on input line 29.
LaTeX Font Info:    Overwriting symbol font `letters' in version `normal'
(Font)                  OML/cmm/m/it --> OML/ztmcm/m/it on input line 29.
LaTeX Font Info:    Overwriting symbol font `letters' in version `bold'
(Font)                  OML/cmm/b/it --> OML/ztmcm/m/it on input line 29.
LaTeX Font Info:    Redeclaring symbol font `symbols' on input line 30.
LaTeX Font Info:    Overwriting symbol font `symbols' in version `normal'
(Font)                  OMS/cmsy/m/n --> OMS/ztmcm/m/n on input line 30.
LaTeX Font Info:    Overwriting symbol font `symbols' in version `bold'
(Font)                  OMS/cmsy/b/n --> OMS/ztmcm/m/n on input line 30.
LaTeX Font Info:    Redeclaring symbol font `largesymbols' on input line 31.
LaTeX Font Info:    Overwriting symbol font `largesymbols' in version `normal'
(Font)                  OMX/cmex/m/n --> OMX/ztmcm/m/n on input line 31.
LaTeX Font Info:    Overwriting symbol font `largesymbols' in version `bold'
(Font)                  OMX/cmex/m/n --> OMX/ztmcm/m/n on input line 31.
\symbold=\mathgroup4
\symitalic=\mathgroup5
LaTeX Font Info:    Redeclaring math alphabet \mathbf on input line 34.
LaTeX Font Info:    Overwriting math alphabet `\mathbf' in version `normal'
(Font)                  OT1/cmr/bx/n --> OT1/ptm/bx/n on input line 34.
LaTeX Font Info:    Overwriting math alphabet `\mathbf' in version `bold'
(Font)                  OT1/cmr/bx/n --> OT1/ptm/bx/n on input line 34.
LaTeX Font Info:    Redeclaring math alphabet \mathit on input line 35.
LaTeX Font Info:    Overwriting math alphabet `\mathit' in version `normal'
(Font)                  OT1/cmr/m/it --> OT1/ptm/m/it on input line 35.
LaTeX Font Info:    Overwriting math alphabet `\mathit' in version `bold'
(Font)                  OT1/cmr/bx/it --> OT1/ptm/m/it on input line 35.
LaTeX Info: Redefining \hbar on input line 50.
)
(/opt/local/share/texmf-dist/tex/latex/graphics/graphicx.sty
Package: graphicx 1999/02/16 v1.0f Enhanced LaTeX Graphics (DPC,SPQR)

(/opt/local/share/texmf-dist/tex/latex/graphics/keyval.sty
Package: keyval 1999/03/16 v1.13 key=value parser (DPC)
\KV@toks@=\toks22
)
(/opt/local/share/texmf-dist/tex/latex/graphics/graphics.sty
Package: graphics 2006/02/20 v1.0o Standard LaTeX Graphics (DPC,SPQR)

(/opt/local/share/texmf-dist/tex/latex/graphics/trig.sty
Package: trig 1999/03/16 v1.09 sin cos tan (DPC)
)
(/opt/local/share/texmf/tex/latex/config/graphics.cfg
File: graphics.cfg 2007/01/18 v1.5 graphics configuration of teTeX/TeXLive
)
Package graphics Info: Driver file: pdftex.def on input line 90.

(/opt/local/share/texmf-dist/tex/latex/pdftex-def/pdftex.def
File: pdftex.def 2007/01/08 v0.04d Graphics/color for pdfTeX
\Gread@gobject=\count132
))
\Gin@req@height=\dimen144
\Gin@req@width=\dimen145
)
(/opt/local/share/texmf-dist/tex/latex/ltxmisc/relsize.sty
Package: relsize 2003/07/04 ver 3.1
)
(/opt/local/share/texmf-dist/tex/latex/amsmath/amsmath.sty
Package: amsmath 2000/07/18 v2.13 AMS math features
\@mathmargin=\skip192

For additional information on amsmath, use the `?' option.
(/opt/local/share/texmf-dist/tex/latex/amsmath/amstext.sty
Package: amstext 2000/06/29 v2.01

(/opt/local/share/texmf-dist/tex/latex/amsmath/amsgen.sty
File: amsgen.sty 1999/11/30 v2.0
\@emptytoks=\toks23
\ex@=\dimen146
))
(/opt/local/share/texmf-dist/tex/latex/amsmath/amsbsy.sty
Package: amsbsy 1999/11/29 v1.2d
\pmbraise@=\dimen147
)
(/opt/local/share/texmf-dist/tex/latex/amsmath/amsopn.sty
Package: amsopn 1999/12/14 v2.01 operator names
)
\inf@bad=\count133
LaTeX Info: Redefining \frac on input line 211.
\uproot@=\count134
\leftroot@=\count135
LaTeX Info: Redefining \overline on input line 307.
\classnum@=\count136
\DOTSCASE@=\count137
LaTeX Info: Redefining \ldots on input line 379.
LaTeX Info: Redefining \dots on input line 382.
LaTeX Info: Redefining \cdots on input line 467.
\Mathstrutbox@=\box28
\strutbox@=\box29
\big@size=\dimen148
LaTeX Font Info:    Redeclaring font encoding OML on input line 567.
LaTeX Font Info:    Redeclaring font encoding OMS on input line 568.
\macc@depth=\count138
\c@MaxMatrixCols=\count139
\dotsspace@=\muskip10
\c@parentequation=\count140
\dspbrk@lvl=\count141
\tag@help=\toks24
\row@=\count142
\column@=\count143
\maxfields@=\count144
\andhelp@=\toks25
\eqnshift@=\dimen149
\alignsep@=\dimen150
\tagshift@=\dimen151
\tagwidth@=\dimen152
\totwidth@=\dimen153
\lineht@=\dimen154
\@envbody=\toks26
\multlinegap=\skip193
\multlinetaggap=\skip194
\mathdisplay@stack=\toks27
LaTeX Info: Redefining \[ on input line 2666.
LaTeX Info: Redefining \] on input line 2667.
)
(/opt/local/share/texmf-dist/tex/latex/amsfonts/amsfonts.sty
Package: amsfonts 2001/10/25 v2.2f
\symAMSa=\mathgroup6
\symAMSb=\mathgroup7
LaTeX Font Info:    Overwriting math alphabet `\mathfrak' in version `bold'
(Font)                  U/euf/m/n --> U/euf/b/n on input line 132.
)
(/opt/local/share/texmf-dist/tex/latex/ltxmisc/url.sty
\Urlmuskip=\muskip11
Package: url 2005/06/27  ver 3.2  Verb mode for urls, etc.
)
(/opt/local/share/texmf-dist/tex/latex/listings/listings.sty
\lst@mode=\count145
\lst@gtempboxa=\box30
\lst@token=\toks28
\lst@length=\count146
\lst@currlwidth=\dimen155
\lst@column=\count147
\lst@pos=\count148
\lst@lostspace=\dimen156
\lst@width=\dimen157
\lst@newlines=\count149
\lst@lineno=\count150
\c@lstlisting=\count151
\lst@maxwidth=\dimen158

(/opt/local/share/texmf-dist/tex/latex/listings/lstpatch.sty
File: lstpatch.sty 2004/10/17 1.3b (Carsten Heinz)
)
(/opt/local/share/texmf-dist/tex/latex/listings/lstmisc.sty
File: lstmisc.sty 2004/09/07 1.3 (Carsten Heinz)
\c@lstnumber=\count152
\lst@skipnumbers=\count153
\lst@framebox=\box31
)
(/opt/local/share/texmf-dist/tex/latex/listings/listings.cfg
File: listings.cfg 2004/09/05 1.3 listings configuration
))
Package: listings 2004/10/17 1.3b (Carsten Heinz)

(/opt/local/share/texmf-dist/tex/latex/misc209/multind.sty)
\general@idxfile=\write4
\openout4 = `general.idx'.


Writing index file general.idx 
\concepts@idxfile=\write5
\openout5 = `concepts.idx'.

Writing index file concepts.idx 
(/opt/local/share/texmf-dist/tex/latex/footbib/footbib.sty
Package: footbib 2004/06/04 v2.0.4 (E.Domenjoud)


! Package footbib Error: the output routine of LaTeX changed.

See the footbib package documentation for explanation.
Type  H <return>  for immediate help.
 ...                                              
                                                  
l.92    just type <return>.\MessageBreak}
                                         
? 
\fb@ins=\insert229
\fb@auxout=\write6
\fb@numunit=\count154
\fb@citeunit=\count155
\fb@xrefunit=\count156
\fb@prevpage=\count157
\fb@refcount=\count158
\fb@lbl=\toks29
\fb@txt=\toks30
\fb@citecount=\count159
\fb@lastrefnumunit=\count160
\fb@lblwidth=\dimen159
) (/opt/local/share/texmf-dist/tex/latex/base/fontenc.sty
Package: fontenc 2005/09/27 v1.99g Standard LaTeX package

(/opt/local/share/texmf-dist/tex/latex/base/t1enc.def
File: t1enc.def 2005/09/27 v1.99g Standard LaTeX file
LaTeX Font Info:    Redeclaring font encoding T1 on input line 43.
))
(/opt/local/share/texmf-dist/tex/latex/psnfss/mathpazo.sty
Package: mathpazo 2005/04/12 PSNFSS-v9.2a Palatino w/ Pazo Math (D.Puga, WaS) 
\symupright=\mathgroup8
)
LaTeX Font Info:    Try loading font information for T1+pplx on input line 81.

(/opt/local/share/texmf-dist/tex/latex/psnfss/t1pplx.fd
File: t1pplx.fd 2004/09/06 font definitions for T1/pplx.
)
LaTeX Font Info:    Try loading font information for T1+cmss on input line 81.

(/opt/local/share/texmf-dist/tex/latex/base/t1cmss.fd
File: t1cmss.fd 1999/05/25 v2.5h Standard LaTeX font definitions
)
(/opt/local/share/texmf-dist/tex/latex/everysel/everysel.sty
Package: everysel 1999/06/08 v1.03 EverySelectfont Package (MS)
)
(/opt/local/share/texmf-dist/tex/latex/fancyvrb/fancyvrb.sty
Package: fancyvrb 1998/07/17

Style option: `fancyvrb' v2.6, with DG/SPQR fixes <1998/07/17> (tvz)
\FV@CodeLineNo=\count161
\FV@InFile=\read2
\FV@TabBox=\box32
\c@FancyVerbLine=\count162
\FV@StepNumber=\count163
\FV@OutFile=\write7

No file fancyvrb.cfg.
) (/opt/local/share/texmf-dist/tex/latex/graphics/color.sty
Package: color 2005/11/14 v1.0j Standard LaTeX Color (DPC)

(/opt/local/share/texmf/tex/latex/config/color.cfg
File: color.cfg 2007/01/18 v1.5 color configuration of teTeX/TeXLive
)
Package color Info: Driver file: pdftex.def on input line 130.
)
(/opt/local/share/texmf-dist/tex/latex/graphics/lscape.sty
Package: lscape 2000/10/22 v3.01 Landscape Pages (DPC)
)
(/opt/local/share/texmf-dist/tex/latex/natbib/natbib.sty
Package: natbib 2007/02/05 8.0 (PWD)
\bibhang=\skip195
\bibsep=\skip196
LaTeX Info: Redefining \cite on input line 602.
\c@NAT@ctr=\count164
)
\c@Example=\count165
\c@CodeExample=\count166
) (./guis.aux)
\openout1 = `guis.aux'.

LaTeX Font Info:    Checking defaults for OML/cmm/m/it on input line 7.
LaTeX Font Info:    ... okay on input line 7.
LaTeX Font Info:    Checking defaults for T1/cmr/m/n on input line 7.
LaTeX Font Info:    ... okay on input line 7.
LaTeX Font Info:    Checking defaults for OT1/cmr/m/n on input line 7.
LaTeX Font Info:    ... okay on input line 7.
LaTeX Font Info:    Checking defaults for OMS/cmsy/m/n on input line 7.
LaTeX Font Info:    ... okay on input line 7.
LaTeX Font Info:    Checking defaults for OMX/cmex/m/n on input line 7.
LaTeX Font Info:    ... okay on input line 7.
LaTeX Font Info:    Checking defaults for U/cmr/m/n on input line 7.
LaTeX Font Info:    ... okay on input line 7.

(/opt/local/share/texmf-dist/tex/context/base/supp-pdf.tex
[Loading MPS to PDF converter (version 2006.09.02).]
\scratchcounter=\count167
\scratchdimen=\dimen160
\scratchbox=\box33
\nofMPsegments=\count168
\nofMParguments=\count169
\MPscratchCnt=\count170
\MPscratchDim=\dimen161
\MPnumerator=\count171
\everyMPtoPDFconversion=\toks31
) (./guis.fb.bbl
\@bracelevel=\count172
\@bgrouplineno=\count173
) (./guis.fb.aux)
\openout6 = `guis.fb.aux'.

LaTeX Info: Redefining \selectfont on input line 7.
 (./setup2.tex
(/opt/local/share/texmf-dist/tex/latex/listings/lstlang1.sty
File: lstlang1.sty 2004/09/05 1.3 listings language file
)
(/opt/local/share/texmf-dist/tex/latex/listings/lstlang2.sty
File: lstlang2.sty 2004/09/05 1.3 listings language file
)
(/opt/local/share/texmf-dist/tex/latex/listings/lstlang3.sty
File: lstlang3.sty 2004/09/05 1.3 listings language file
))
(./ch-Preface/ch-Preface.tex
LaTeX Font Info:    Font shape `T1/pplx/bx/n' in size <12> not available
(Font)              Font shape `T1/pplx/b/n' tried instead on input line 4.
LaTeX Font Info:    Try loading font information for T1+cmtt on input line 11.

(/opt/local/share/texmf-dist/tex/latex/base/t1cmtt.fd
File: t1cmtt.fd 1999/05/25 v2.5h Standard LaTeX font definitions
)
LaTeX Font Info:    Try loading font information for OT1+pplx on input line 31.


(/opt/local/share/texmf-dist/tex/latex/psnfss/ot1pplx.fd
File: ot1pplx.fd 2004/09/06 font definitions for OT1/pplx.
)
LaTeX Font Info:    Try loading font information for OML+zplm on input line 31.


(/opt/local/share/texmf-dist/tex/latex/psnfss/omlzplm.fd
File: omlzplm.fd 2002/09/08 Fontinst v1.914 font definitions for OML/zplm.
)
LaTeX Font Info:    Try loading font information for OMS+zplm on input line 31.


(/opt/local/share/texmf-dist/tex/latex/psnfss/omszplm.fd
File: omszplm.fd 2002/09/08 Fontinst v1.914 font definitions for OMS/zplm.
)
LaTeX Font Info:    Try loading font information for OMX+zplm on input line 31.


(/opt/local/share/texmf-dist/tex/latex/psnfss/omxzplm.fd
File: omxzplm.fd 2002/09/08 Fontinst v1.914 font definitions for OMX/zplm.
)
LaTeX Font Info:    Try loading font information for OT1+ptm on input line 31.

(/opt/local/share/texmf-dist/tex/latex/psnfss/ot1ptm.fd
File: ot1ptm.fd 2001/06/04 font definitions for OT1/ptm.
)
LaTeX Font Info:    Font shape `OT1/ptm/bx/n' in size <10> not available
(Font)              Font shape `OT1/ptm/b/n' tried instead on input line 31.
LaTeX Font Info:    Font shape `OT1/ptm/bx/n' in size <7.6> not available
(Font)              Font shape `OT1/ptm/b/n' tried instead on input line 31.
LaTeX Font Info:    Font shape `OT1/ptm/bx/n' in size <6> not available
(Font)              Font shape `OT1/ptm/b/n' tried instead on input line 31.
LaTeX Font Info:    Font shape `U/msa/m/n' will be
(Font)              scaled to size 10.42007pt on input line 31.
LaTeX Font Info:    Font shape `U/msa/m/n' will be
(Font)              scaled to size 7.91925pt on input line 31.
LaTeX Font Info:    Font shape `U/msa/m/n' will be
(Font)              scaled to size 6.25204pt on input line 31.
LaTeX Font Info:    Font shape `U/msb/m/n' will be
(Font)              scaled to size 10.42007pt on input line 31.
LaTeX Font Info:    Font shape `U/msb/m/n' will be
(Font)              scaled to size 7.91925pt on input line 31.
LaTeX Font Info:    Font shape `U/msb/m/n' will be
(Font)              scaled to size 6.25204pt on input line 31.
LaTeX Font Info:    Try loading font information for OT1+zplm on input line 31.


(/opt/local/share/texmf-dist/tex/latex/psnfss/ot1zplm.fd
File: ot1zplm.fd 2002/09/08 Fontinst v1.914 font definitions for OT1/zplm.
) [1



{/opt/local/share/texmf/fonts/map/pdftex/updmap/pdftex.map}] [2]) [3] (./guis.t
oc
LaTeX Font Info:    Font shape `T1/pplx/bx/n' in size <10> not available
(Font)              Font shape `T1/pplx/b/n' tried instead on input line 1.
 [4]
LaTeX Font Info:    Font shape `T1/pplx/bx/n' in size <10.95> not available
(Font)              Font shape `T1/pplx/b/n' tried instead on input line 43.
LaTeX Font Info:    Font shape `T1/cmtt/bx/n' in size <10.95> not available
(Font)              Font shape `T1/cmtt/m/n' tried instead on input line 43.
LaTeX Font Info:    Font shape `OT1/ptm/bx/n' in size <10.95> not available
(Font)              Font shape `OT1/ptm/b/n' tried instead on input line 43.
LaTeX Font Info:    Font shape `OT1/ptm/bx/n' in size <8> not available
(Font)              Font shape `OT1/ptm/b/n' tried instead on input line 43.
LaTeX Font Info:    Font shape `U/msa/m/n' will be
(Font)              scaled to size 11.40997pt on input line 43.
LaTeX Font Info:    Font shape `U/msa/m/n' will be
(Font)              scaled to size 8.33606pt on input line 43.
LaTeX Font Info:    Font shape `U/msb/m/n' will be
(Font)              scaled to size 11.40997pt on input line 43.
LaTeX Font Info:    Font shape `U/msb/m/n' will be
(Font)              scaled to size 8.33606pt on input line 43.
 [5] [6]
[7] [8] [9] [10]) [11] [12

] (./ch-GUIBasics/ch-GUIBasics.tex [1

]
<ch-GUIBasics/fig-basics-tic-tac-toe.png, id=52, 447.6725pt x 360.34625pt>
File: ch-GUIBasics/fig-basics-tic-tac-toe.png Graphic file (type png)

<use ch-GUIBasics/fig-basics-tic-tac-toe.png>
LaTeX Font Info:    Font shape `OT1/ptm/bx/n' in size <9> not available
(Font)              Font shape `OT1/ptm/b/n' tried instead on input line 121.
LaTeX Font Info:    Font shape `OT1/ptm/bx/n' in size <7> not available
(Font)              Font shape `OT1/ptm/b/n' tried instead on input line 121.
LaTeX Font Info:    Font shape `OT1/ptm/bx/n' in size <5> not available
(Font)              Font shape `OT1/ptm/b/n' tried instead on input line 121.
LaTeX Font Info:    Font shape `U/msa/m/n' will be
(Font)              scaled to size 9.37807pt on input line 121.
LaTeX Font Info:    Font shape `U/msa/m/n' will be
(Font)              scaled to size 7.29405pt on input line 121.
LaTeX Font Info:    Font shape `U/msa/m/n' will be
(Font)              scaled to size 5.21004pt on input line 121.
LaTeX Font Info:    Font shape `U/msb/m/n' will be
(Font)              scaled to size 9.37807pt on input line 121.
LaTeX Font Info:    Font shape `U/msb/m/n' will be
(Font)              scaled to size 7.29405pt on input line 121.
LaTeX Font Info:    Font shape `U/msb/m/n' will be
(Font)              scaled to size 5.21004pt on input line 121.
 [2 <./ch-GUIBasics/fig-basics-tic-tac-toe.png>] [3] [4]
<ch-GUIBasics/fig-mac-print.png, id=64, 825.0825pt x 585.18625pt>
File: ch-GUIBasics/fig-mac-print.png Graphic file (type png)

<use ch-GUIBasics/fig-mac-print.png>
<ch-GUIBasics/kde-print.png, id=65, 390.76965pt x 410.03716pt>
File: ch-GUIBasics/kde-print.png Graphic file (type png)

<use ch-GUIBasics/kde-print.png>
<ch-GUIBasics/r-print-dialog.png, id=66, 469.755pt x 365.365pt>
File: ch-GUIBasics/r-print-dialog.png Graphic file (type png)

<use ch-GUIBasics/r-print-dialog.png> [5] [6 <./ch-GUIBasics/fig-mac-print.png>
 <./ch-GUIBasics/kde-print.png>] [7 <./ch-GUIBasics/r-print-dialog.png>]
[8] <ch-GUIBasics/spss-11-formula-editor.png, id=84, 499.8675pt x 347.2975pt>
File: ch-GUIBasics/spss-11-formula-editor.png Graphic file (type png)

<use ch-GUIBasics/spss-11-formula-editor.png> [9] [10 <./ch-GUIBasics/spss-11-f
ormula-editor.png>]
<ch-GUIBasics/ex-listbox.png, id=92, 183.40218pt x 152.72151pt>
File: ch-GUIBasics/ex-listbox.png Graphic file (type png)

<use ch-GUIBasics/ex-listbox.png>
<ch-GUIBasics/tcltk-tkdensity.png, id=93, 179.99321pt x 199.76518pt>
File: ch-GUIBasics/tcltk-tkdensity.png Graphic file (type png)

<use ch-GUIBasics/tcltk-tkdensity.png> [11 <./ch-GUIBasics/ex-listbox.png (PNG 
copy)> <./ch-GUIBasics/tcltk-tkdensity.png>] [12] [13] [14]
<ch-GUIBasics/fig-spotfire.png, id=108, 854.19125pt x 744.7825pt>
File: ch-GUIBasics/fig-spotfire.png Graphic file (type png)

<use ch-GUIBasics/fig-spotfire.png> [15 <./ch-GUIBasics/fig-spotfire.png>]
<ch-GUIBasics/JGR-object-browser.png, id=113, 428.60126pt x 415.5525pt>
File: ch-GUIBasics/JGR-object-browser.png Graphic file (type png)

<use ch-GUIBasics/JGR-object-browser.png> [16] [17 <./ch-GUIBasics/JGR-object-b
rowser.png (PNG copy)>]
<ch-GUIBasics/Rcmdr-main-window.png, id=120, 657.92972pt x 510.66255pt>
File: ch-GUIBasics/Rcmdr-main-window.png Graphic file (type png)

<use ch-GUIBasics/Rcmdr-main-window.png> [18 <./ch-GUIBasics/Rcmdr-main-window.
png>] [19] [20]
<ch-GUIBasics/fig-basics-hor-ver.png, id=132, 331.2375pt x 252.945pt>
File: ch-GUIBasics/fig-basics-hor-ver.png Graphic file (type png)

<use ch-GUIBasics/fig-basics-hor-ver.png>
<ch-GUIBasics/fig-basics-fill.png, id=133, 331.2375pt x 252.945pt>
File: ch-GUIBasics/fig-basics-fill.png Graphic file (type png)

<use ch-GUIBasics/fig-basics-fill.png>
<ch-GUIBasics/fig-basics-alignment.png, id=134, 331.2375pt x 252.945pt>
File: ch-GUIBasics/fig-basics-alignment.png Graphic file (type png)

<use ch-GUIBasics/fig-basics-alignment.png>
<ch-GUIBasics/fig-basics-spring.png, id=135, 331.2375pt x 252.945pt>
File: ch-GUIBasics/fig-basics-spring.png Graphic file (type png)

<use ch-GUIBasics/fig-basics-spring.png> [21]) [22 <./ch-GUIBasics/fig-basics-h
or-ver.png> <./ch-GUIBasics/fig-basics-fill.png> <./ch-GUIBasics/fig-basics-ali
gnment.png> <./ch-GUIBasics/fig-basics-spring.png>] [23] [24


]
LaTeX Font Info:    Font shape `T1/pplx/bx/n' in size <17.28> not available
(Font)              Font shape `T1/pplx/b/n' tried instead on input line 59.
LaTeX Font Info:    Font shape `T1/pplx/bx/n' in size <20.74> not available
(Font)              Font shape `T1/pplx/b/n' tried instead on input line 59.
LaTeX Font Info:    Font shape `T1/cmtt/bx/n' in size <20.74> not available
(Font)              Font shape `T1/cmtt/m/n' tried instead on input line 59.
 [25] [26]
(./ch-gWidgets/ch-gWidgetsIntro.tex
<ch-gWidgets/ex-33-macosx-rgtk2.png, id=160, 352.31625pt x 243.91125pt>
File: ch-gWidgets/ex-33-macosx-rgtk2.png Graphic file (type png)

<use ch-gWidgets/ex-33-macosx-rgtk2.png>
<ch-gWidgets/fig-gWidgets-ex-33-tlctk.png, id=161, 327.2225pt x 249.93375pt>
File: ch-gWidgets/fig-gWidgets-ex-33-tlctk.png Graphic file (type png)

<use ch-gWidgets/fig-gWidgets-ex-33-tlctk.png>
<ch-gWidgets/ex-33-linux-qt.png, id=162, 432.61626pt x 347.2975pt>
File: ch-gWidgets/ex-33-linux-qt.png Graphic file (type png)

<use ch-gWidgets/ex-33-linux-qt.png>
<ch-gWidgets/ex-33-gWidgetsWWW.png, id=163, 456.70625pt x 335.2525pt>
File: ch-gWidgets/ex-33-gWidgetsWWW.png Graphic file (type png)

<use ch-gWidgets/ex-33-gWidgetsWWW.png> [27

]
<ch-gWidgets/fig-file-search.png, id=167, 676.5275pt x 295.1025pt>
File: ch-gWidgets/fig-file-search.png Graphic file (type png)

<use ch-gWidgets/fig-file-search.png> [28 <./ch-gWidgets/ex-33-macosx-rgtk2.png
> <./ch-gWidgets/fig-gWidgets-ex-33-tlctk.png> <./ch-gWidgets/ex-33-linux-qt.pn
g> <./ch-gWidgets/ex-33-gWidgetsWWW.png>] [29 <./ch-gWidgets/fig-file-search.pn
g>]
LaTeX Font Info:    Font shape `T1/cmtt/bx/n' in size <10> not available
(Font)              Font shape `T1/cmtt/m/n' tried instead on input line 252.

Underfull \hbox (badness 10000) in paragraph at lines 278--280

 []

[30] [31] [32] [33]
Underfull \hbox (badness 1038) in paragraph at lines 606--606
[]|\T1/pplx/m/n/10 Set han-dler for when wid-get is dou-ble
 []

[34] [35] [36]
<ch-gWidgets/fig-gWidgets-yuml.png, id=202, 785.18344pt x 44.41594pt>
File: ch-gWidgets/fig-gWidgets-yuml.png Graphic file (type png)

<use ch-gWidgets/fig-gWidgets-yuml.png>
Overfull \hbox (43.9631pt too wide) in paragraph at lines 807--815
 [][] 
 []

[37 <./ch-gWidgets/fig-gWidgets-yuml.png>] [38]
LaTeX Font Info:    Try loading font information for OMS+pplx on input line 886
.
LaTeX Font Info:    No file OMSpplx.fd. on input line 886.


LaTeX Font Warning: Font shape `OMS/pplx/m/n' undefined
(Font)              using `OMS/cmsy/m/n' instead
(Font)              for symbol `textbullet' on input line 886.

<ch-gWidgets/fig-gWidgets-example-browser.png, id=211, 833.1125pt x 554.07pt>
File: ch-gWidgets/fig-gWidgets-example-browser.png Graphic file (type png)

<use ch-gWidgets/fig-gWidgets-example-browser.png>
<ch-gWidgets/fig-example-browser-schematic.png, id=212, 803.0pt x 501.875pt>
File: ch-gWidgets/fig-example-browser-schematic.png Graphic file (type png)

<use ch-gWidgets/fig-example-browser-schematic.png> [39

] [40 <./ch-gWidgets/fig-gWidgets-example-browser.png> <./ch-gWidgets/fig-examp
le-browser-schematic.png>] [41] [42] [43] [44]
<ch-gWidgets/fig-gWidgets-expand-RGtk2.png, id=235, 374.39874pt x 286.06876pt>
File: ch-gWidgets/fig-gWidgets-expand-RGtk2.png Graphic file (type png)

<use ch-gWidgets/fig-gWidgets-expand-RGtk2.png>
<ch-gWidgets/fig-gWidgets-expand-tcltk.png, id=236, 389.455pt x 305.14pt>
File: ch-gWidgets/fig-gWidgets-expand-tcltk.png Graphic file (type png)

<use ch-gWidgets/fig-gWidgets-expand-tcltk.png>
<ch-gWidgets/fig-gWidgets-expand-Qt.png, id=237, 398.48875pt x 315.1775pt>
File: ch-gWidgets/fig-gWidgets-expand-Qt.png Graphic file (type png)

<use ch-gWidgets/fig-gWidgets-expand-Qt.png> [45]
<ch-gWidgets/fig-gWidgets-buttons.png, id=241, 607.26875pt x 337.26pt>
File: ch-gWidgets/fig-gWidgets-buttons.png Graphic file (type png)

<use ch-gWidgets/fig-gWidgets-buttons.png> [46 <./ch-gWidgets/fig-gWidgets-expa
nd-RGtk2.png> <./ch-gWidgets/fig-gWidgets-expand-tcltk.png> <./ch-gWidgets/fig-
gWidgets-expand-Qt.png>] [47 <./ch-gWidgets/fig-gWidgets-buttons.png>]
LaTeX Font Info:    Font shape `T1/cmtt/bx/n' in size <12> not available
(Font)              Font shape `T1/cmtt/m/n' tried instead on input line 1468.
 [48]
[49] [50]
Overfull \hbox (10.00357pt too wide) in paragraph at lines 1686--1687
[][][][][][][][][][][][][][][][][][][][][][][][][][][][][][][][][][][][][][][][
][][][][][][][][][][][][][][][][][][][][][][][][][][][][][][][][][][][][] 
 []

[51] [52

] [53] [54]
Underfull \hbox (badness 10000) in paragraph at lines 1902--1908

 []

[55]
Underfull \hbox (badness 10000) in paragraph at lines 1989--1991

 []

<ch-gWidgets/fig-gWidgets-icon-example.png, id=279, 258.9675pt x 165.61874pt>
File: ch-gWidgets/fig-gWidgets-icon-example.png Graphic file (type png)

<use ch-gWidgets/fig-gWidgets-icon-example.png> [56] [57 <./ch-gWidgets/fig-gWi
dgets-icon-example.png>]
Underfull \hbox (badness 10000) in paragraph at lines 2108--2119

 []

[58] [59]
Underfull \hbox (badness 10000) in paragraph at lines 2292--2302

 []


Underfull \hbox (badness 10000) in paragraph at lines 2309--2311

 []

<ch-gWidgets/fig-gWidgets-calculuator.png, id=293, 338.26375pt x 274.02374pt>
File: ch-gWidgets/fig-gWidgets-calculuator.png Graphic file (type png)

<use ch-gWidgets/fig-gWidgets-calculuator.png> [60] [61 <./ch-gWidgets/fig-gWid
gets-calculuator.png>] [62]
<ch-gWidgets/fig-gWidgets-EBImage-gui.png, id=305, 809.0225pt x 648.4225pt>
File: ch-gWidgets/fig-gWidgets-EBImage-gui.png Graphic file (type png)

<use ch-gWidgets/fig-gWidgets-EBImage-gui.png> [63 <./ch-gWidgets/fig-gWidgets-
EBImage-gui.png>]
Underfull \hbox (badness 10000) in paragraph at lines 2507--2514

 []

[64]
Underfull \hbox (badness 10000) in paragraph at lines 2515--2518

 []

[65] [66]
<ch-gWidgets/fig-gWidgets-mean-default.png, id=319, 356.33125pt x 324.21124pt>
File: ch-gWidgets/fig-gWidgets-mean-default.png Graphic file (type png)

<use ch-gWidgets/fig-gWidgets-mean-default.png> [67 <./ch-gWidgets/fig-gWidgets
-mean-default.png>] [68]
Overfull \hbox (4.60352pt too wide) in paragraph at lines 2844--2845
[][][][][][][][][][][][][][][][][][][][][][][][][][][][][][][][][][][][][][][][
][][][][][][][][][][][][][][] 
 []

[69]
Overfull \hbox (4.60352pt too wide) in paragraph at lines 2947--2948
[][][][][][][][][][][][][][][][][][][][][][][][][][][][][][][][][][][][][][][][
][][][][][][][][][][][] 
 []


<ch-gWidgets/fig-gWidgets-file-search-advanced.png, id=331, 833.1125pt x 378.41
376pt>
File: ch-gWidgets/fig-gWidgets-file-search-advanced.png Graphic file (type png)

 <use ch-gWidgets/fig-gWidgets-file-search-advanced.png> [70] [71 <./ch-gWidget
s/fig-gWidgets-file-search-advanced.png>] [72]
Underfull \hbox (badness 1048) in paragraph at lines 3198--3205
\T1/cmtt/m/n/10 add3rdMousePopupMenu[] \T1/pplx/m/n/10 meth-ods for as-sign-ing
 han-dlers to right-click
 []

[73]
<ch-gWidgets/fig-gWidgets-collapse-factor.png, id=346, 652.4375pt x 303.1325pt>
File: ch-gWidgets/fig-gWidgets-collapse-factor.png Graphic file (type png)
<use ch-gWidgets/fig-gWidgets-collapse-factor.png> [74 <./ch-gWidgets/fig-gWidg
ets-collapse-factor.png>] [75] [76]
<ch-gWidgets/fig-gWidgets-filter-example.png, id=357, 810.02625pt x 342.27875pt
>
File: ch-gWidgets/fig-gWidgets-filter-example.png Graphic file (type png)
 <use ch-gWidgets/fig-gWidgets-filter-example.png> [77 <./ch-gWidgets/fig-gWidg
ets-filter-example.png>]
<ch-gWidgets/fig-gWidgets-ws-browser.png, id=362, 525.965pt x 311.1625pt>
File: ch-gWidgets/fig-gWidgets-ws-browser.png Graphic file (type png)

<use ch-gWidgets/fig-gWidgets-ws-browser.png> [78 <./ch-gWidgets/fig-gWidgets-w
s-browser.png>]
Underfull \hbox (badness 10000) in paragraph at lines 3537--3542

 []


<ch-gWidgets/fig-gWidgets-observable-observer-uml.png, id=367, 773.89125pt x 21
2.795pt>
File: ch-gWidgets/fig-gWidgets-observable-observer-uml.png Graphic file (type p
ng)
 <use ch-gWidgets/fig-gWidgets-observable-observer-uml.png> [79 <./ch-gWidgets/
fig-gWidgets-observable-observer-uml.png>] [80]
Overfull \hbox (26.20374pt too wide) in paragraph at lines 3627--3628
[][][][][][][][][][][][][][][][][][][][][][][][][][] 
 []


Overfull \hbox (4.60352pt too wide) in paragraph at lines 3669--3670
[][][][][][][][][][][][][][][][][] 
 []

[81]
Overfull \hbox (4.60352pt too wide) in paragraph at lines 3693--3694
[][][][][][][][][][][][][][][][][][][] 
 []

[82]
Overfull \hbox (4.60352pt too wide) in paragraph at lines 3777--3778
[][][][][][][][][][][][][][][][][][][][][] 
 []

[83]
Overfull \hbox (10.00357pt too wide) in paragraph at lines 3828--3829
[][][][][][][][][][][][][][][][][][][][][][][][][][][][][][][][][][][][][][][] 

 []

[84]
Underfull \hbox (badness 10000) in paragraph at lines 3930--3931

 []

[85] <ch-gWidgets/ex-gWidgets-gtree.png, id=392, 431.6125pt x 333.245pt>
File: ch-gWidgets/ex-gWidgets-gtree.png Graphic file (type png)

<use ch-gWidgets/ex-gWidgets-gtree.png> [86] [87 <./ch-gWidgets/ex-gWidgets-gtr
ee.png>] [88]
<ch-gWidgets/fig-gWidgets-menubar-disabled.png, id=403, 433.62pt x 335.2525pt>
File: ch-gWidgets/fig-gWidgets-menubar-disabled.png Graphic file (type png)

<use ch-gWidgets/fig-gWidgets-menubar-disabled.png> [89] [90 <./ch-gWidgets/fig
-gWidgets-menubar-disabled.png>] [91] [92

]
Underfull \hbox (badness 10000) in paragraph at lines 4321--4330

 []

[93] [94]
<ch-gWidgets/fig-gWidgets-spotfire-gui.png, id=424, 782.925pt x 819.06pt>
File: ch-gWidgets/fig-gWidgets-spotfire-gui.png Graphic file (type png)

<use ch-gWidgets/fig-gWidgets-spotfire-gui.png> [95 <./ch-gWidgets/fig-gWidgets
-spotfire-gui.png>]
Overfull \hbox (4.60352pt too wide) in paragraph at lines 4475--4476
[][][][][][][][][][][][][][][][][][][][][][][][][][][][][][][][][][][][][][] 
 []


Overfull \hbox (10.00357pt too wide) in paragraph at lines 4488--4489
[][][][][][][][][][][][][][][][][][][][][][][][][][][][][][][][][][][][][][][][
][][] 
 []

[96] [97] [98]
Underfull \hbox (badness 10000) in paragraph at lines 4678--4686

 []

[99] [100]
Underfull \hbox (badness 10000) in paragraph at lines 4833--4841

 []

[101]) [102] [103


] [104] (./ch-RGtk2/ch-RGtk2.tex [105

] [106]
<ch-RGtk2/hello-world.png, id=464, 230.8625pt x 252.945pt>
File: ch-RGtk2/hello-world.png Graphic file (type png)

<use ch-RGtk2/hello-world.png> [107] [108 <./ch-RGtk2/hello-world.png>]
[109] [110] [111] [112]
Underfull \hbox (badness 2351) in paragraph at lines 525--531
[]\T1/pplx/m/n/10 The sig-na-ture for the call-back varies for each sig-nal. Un
-less
 []

[113] [114] [115] [116] [117

] [118] [119] [120]
<ch-RGtk2/packing.png, id=510, 733.74126pt x 324.21124pt>
File: ch-RGtk2/packing.png Graphic file (type png)

<use ch-RGtk2/packing.png>

LaTeX Warning: Float too large for page by 18.85487pt on input line 1156.

[121] [122] [123 <./ch-RGtk2/packing.png (PNG copy)>]
<ch-RGtk2/ex-RGtk2-pack-start.png, id=521, 702.625pt x 323.2075pt>
File: ch-RGtk2/ex-RGtk2-pack-start.png Graphic file (type png)

<use ch-RGtk2/ex-RGtk2-pack-start.png> [124 <./ch-RGtk2/ex-RGtk2-pack-start.png
>] [125]
Overfull \hbox (4.60352pt too wide) in paragraph at lines 1404--1405
[][][][][][][][][][][][][][][][][][][][][][][][][][][][][][][][][][][][][][][][
][][][][][] 
 []

[126]
Overfull \hbox (4.60352pt too wide) in paragraph at lines 1440--1441
[][][][][][][][][][][][][][][][][][][][][][][][][][][][][][][][] 
 []

[127] [128] [129] [130]
<ch-RGtk2/fig-RGtk2-notebook-close-buttons.png, id=545, 318.18875pt x 195.73125
pt>
File: ch-RGtk2/fig-RGtk2-notebook-close-buttons.png Graphic file (type png)
 <use ch-RGtk2/fig-RGtk2-notebook-close-buttons.png> [131] [132 <./ch-RGtk2/fig
-RGtk2-notebook-close-buttons.png>] [133]
Overfull \hbox (4.60352pt too wide) in paragraph at lines 1926--1927
[][][][][][][][][][][][][][][][][][][][][][][][][][][][][][][][][][][][][][][] 

 []


Overfull \hbox (10.00357pt too wide) in paragraph at lines 1927--1928
[][][][][][][][][][][][][][][][][][][][][][][][][][][][][][][][][][][][][][][] 

 []

[134]
<ch-RGtk2/fig-RGtk2-gtktable-example.png, id=560, 296.10625pt x 226.8475pt>
File: ch-RGtk2/fig-RGtk2-gtktable-example.png Graphic file (type png)

<use ch-RGtk2/fig-RGtk2-gtktable-example.png> [135 <./ch-RGtk2/fig-RGtk2-gtktab
le-example.png>] [136] [137] [138

]
Underfull \hbox (badness 10000) in paragraph at lines 2090--2092

 []

<ch-RGtk2/RGtk2-various-button.png, id=574, 297.2615pt x 57.95236pt>
File: ch-RGtk2/RGtk2-various-button.png Graphic file (type png)

<use ch-RGtk2/RGtk2-various-button.png> [139 <./ch-RGtk2/RGtk2-various-button.p
ng (PNG copy)>]
Underfull \hbox (badness 10000) in paragraph at lines 2148--2149

 []

[140] <ch-RGtk2/ex-RGtk2-mac-buttons.png, id=582, 803.0pt x 52.195pt>
File: ch-RGtk2/ex-RGtk2-mac-buttons.png Graphic file (type png)

<use ch-RGtk2/ex-RGtk2-mac-buttons.png> [141 <./ch-RGtk2/ex-RGtk2-mac-buttons.p
ng>] <ch-RGtk2/fig-RGtk2-labels.png, id=587, 281.05pt x 252.945pt>
File: ch-RGtk2/fig-RGtk2-labels.png Graphic file (type png)

<use ch-RGtk2/fig-RGtk2-labels.png> [142 <./ch-RGtk2/fig-RGtk2-labels.png>]
Overfull \hbox (10.00357pt too wide) in paragraph at lines 2304--2305
[][][][][][][][][][][][][][][][][][] 
 []

[143]
Underfull \hbox (badness 10000) in paragraph at lines 2369--2370

 []


Overfull \hbox (4.60352pt too wide) in paragraph at lines 2406--2407
[][][][][][][][][][][][][][][][][][][][][][] 
 []

[144] [145]
<ch-RGtk2/fig-RGtk2-valid-entry.png, id=602, 243.91125pt x 110.4125pt>
File: ch-RGtk2/fig-RGtk2-valid-entry.png Graphic file (type png)

<use ch-RGtk2/fig-RGtk2-valid-entry.png>
<ch-RGtk2/fig-RGtk2-invalid-entry.png, id=603, 245.91875pt x 110.4125pt>
File: ch-RGtk2/fig-RGtk2-invalid-entry.png Graphic file (type png)

<use ch-RGtk2/fig-RGtk2-invalid-entry.png> [146 <./ch-RGtk2/fig-RGtk2-valid-ent
ry.png> <./ch-RGtk2/fig-RGtk2-invalid-entry.png>]
Overfull \hbox (4.60352pt too wide) in paragraph at lines 2655--2656
[][][][][][][][][][][][][][][][][][][][][][][][][][][][][][][][][][][][][][][][
][][][][][][][][][][][][][][] 
 []

[147]
Overfull \hbox (10.00357pt too wide) in paragraph at lines 2740--2741
[][][][][][][][][][][][][][] 
 []

[148] [149] [150]
<ch-RGtk2/fig-RGtk2-range-widget.png, id=621, 357.335pt x 109.40875pt>
File: ch-RGtk2/fig-RGtk2-range-widget.png Graphic file (type png)

<use ch-RGtk2/fig-RGtk2-range-widget.png> [151 <./ch-RGtk2/fig-RGtk2-range-widg
et.png>] [152]
Underfull \hbox (badness 10000) in paragraph at lines 3148--3149

 []

<ch-RGtk2/fig-RGtk2-install-wizard.png, id=630, 533.995pt x 556.0775pt>
File: ch-RGtk2/fig-RGtk2-install-wizard.png Graphic file (type png)

<use ch-RGtk2/fig-RGtk2-install-wizard.png> [153] [154 <./ch-RGtk2/fig-RGtk2-in
stall-wizard.png>]
Overfull \hbox (10.00357pt too wide) in paragraph at lines 3273--3274
[][][][][][][][][][][][][][][][][][][][][][][][][][][][][][][][][][][][][][][][
][][][][][][][][][][][][][][][][][][][][][] 
 []

[155]
Overfull \hbox (4.60352pt too wide) in paragraph at lines 3300--3301
[][][][][][][][][][][][][][][][][][][][][][][][][][][][][][][][] 
 []

[156] [157] [158]
Underfull \hbox (badness 10000) in paragraph at lines 3470--3471

 []

<ch-RGtk2/fig-RGtk2-manipulate.png, id=651, 749.80125pt x 536.0025pt>
File: ch-RGtk2/fig-RGtk2-manipulate.png Graphic file (type png)

<use ch-RGtk2/fig-RGtk2-manipulate.png> [159 <./ch-RGtk2/fig-RGtk2-manipulate.p
ng>] [160] [161] [162]
Overfull \hbox (10.00357pt too wide) in paragraph at lines 3756--3757
[][][][][][][][][][][][][][][][][][][][][][][][][][][][][][] 
 []

[163]
Overfull \hbox (4.60352pt too wide) in paragraph at lines 3780--3781
[][][][][][][][][][][][][][][][][][][] 
 []

[164] [165] [166] [167

] [168] [169]
<ch-RGtk2/fig-RGtk2-scrollable-treeview.png, id=688, 543.02875pt x 250.9375pt>
File: ch-RGtk2/fig-RGtk2-scrollable-treeview.png Graphic file (type png)

<use ch-RGtk2/fig-RGtk2-scrollable-treeview.png> [170 <./ch-RGtk2/fig-RGtk2-scr
ollable-treeview.png>] [171]
Overfull \hbox (4.60352pt too wide) in paragraph at lines 4266--4267
[][][][][][][][][][][][][][][][][][][][][][] 
 []

[172] [173] [174]
<ch-RGtk2/fig-RGtk2-sortable-treeview.png, id=705, 703.62875pt x 302.12875pt>
File: ch-RGtk2/fig-RGtk2-sortable-treeview.png Graphic file (type png)

<use ch-RGtk2/fig-RGtk2-sortable-treeview.png> [175 <./ch-RGtk2/fig-RGtk2-sorta
ble-treeview.png>]
Overfull \hbox (4.60352pt too wide) in paragraph at lines 4508--4509
[][][][][][][][][][][][][][][][][][][][][][][][][][] 
 []

<ch-RGtk2/ex-RGtk2-filtered.png, id=711, 331.2375pt x 305.14pt>
File: ch-RGtk2/ex-RGtk2-filtered.png Graphic file (type png)

<use ch-RGtk2/ex-RGtk2-filtered.png> [176 <./ch-RGtk2/ex-RGtk2-filtered.png>]
[177] [178]
Underfull \hbox (badness 10000) in paragraph at lines 4714--4715

 []

<ch-RGtk2/fig-RGtk2-option-editor.png, id=722, 346.29375pt x 305.14pt>
File: ch-RGtk2/fig-RGtk2-option-editor.png Graphic file (type png)

<use ch-RGtk2/fig-RGtk2-option-editor.png> [179 <./ch-RGtk2/fig-RGtk2-option-ed
itor.png>] [180] [181]
<ch-RGtk2/fig-RGtk2-select-variables.png, id=734, 614.295pt x 269.005pt>
File: ch-RGtk2/fig-RGtk2-select-variables.png Graphic file (type png)

<use ch-RGtk2/fig-RGtk2-select-variables.png> [182] [183 <./ch-RGtk2/fig-RGtk2-
select-variables.png>]
Overfull \hbox (4.60352pt too wide) in paragraph at lines 5029--5030
[][][][][][][][][][][][][][][][][][][][][][][][][][][][][][] 
 []


Overfull \hbox (10.00357pt too wide) in paragraph at lines 5048--5049
[][][][][][][][][][][][][][][][][][][][][][][][][] 
 []

[184] [185]
<ch-RGtk2/fig-RGtk2-add-toggle-to-df.png, id=748, 431.6125pt x 355.3275pt>
File: ch-RGtk2/fig-RGtk2-add-toggle-to-df.png Graphic file (type png)

<use ch-RGtk2/fig-RGtk2-add-toggle-to-df.png> [186] [187 <./ch-RGtk2/fig-RGtk2-
add-toggle-to-df.png>] [188] [189] [190] [191] [192] [193] [194] [195] [196]
[197] [198] [199]
Underfull \hbox (badness 10000) in paragraph at lines 6157--6159

 []

[200] [201] [202]
<ch-RGtk2/ex-RGtk2-terminal.png, id=804, 431.6125pt x 252.945pt>
File: ch-RGtk2/ex-RGtk2-terminal.png Graphic file (type png)

<use ch-RGtk2/ex-RGtk2-terminal.png> [203 <./ch-RGtk2/ex-RGtk2-terminal.png>]
Overfull \hbox (4.60352pt too wide) in paragraph at lines 6462--6464
[][][][][][][][][][][][][][][][][][][][][][][][] 
 []

[204] [205] [206

]
<ch-RGtk2/ex-RGtk2-action-items-infobar.png, id=819, 595.22375pt x 347.2975pt>
File: ch-RGtk2/ex-RGtk2-action-items-infobar.png Graphic file (type png)

<use ch-RGtk2/ex-RGtk2-action-items-infobar.png> [207] [208 <./ch-RGtk2/ex-RGtk
2-action-items-infobar.png>] [209] [210] [211] [212]
Overfull \hbox (4.60352pt too wide) in paragraph at lines 6971--6972
[][][][][][][][][][][][][][][][][][][][][][][][][][][][][][][][][][][][][][][][
][][][][][][][][][][][][][][][][][][][][][][][][] 
 []

[213] [214] [215]
<ch-RGtk2/fig-RGtk2-editable-dataframe.png, id=849, 515.9275pt x 373.395pt>
File: ch-RGtk2/fig-RGtk2-editable-dataframe.png Graphic file (type png)

<use ch-RGtk2/fig-RGtk2-editable-dataframe.png> [216] [217 <./ch-RGtk2/fig-RGtk
2-editable-dataframe.png>]
Overfull \hbox (10.00357pt too wide) in paragraph at lines 7277--7278
[][][][][][][][][][][][][][][][][][][][][][][][][][][][][][][][][][][][][][][][
][][][][][][][][][][][][][][][][][][][][][][][][][][] 
 []

[218] [219] [220] [221] [222

]
<ch-RGtk2/fig-RGtk2-extend-gobject.png, id=873, 433.62pt x 455.7025pt>
File: ch-RGtk2/fig-RGtk2-extend-gobject.png Graphic file (type png)

<use ch-RGtk2/fig-RGtk2-extend-gobject.png> [223] [224 <./ch-RGtk2/fig-RGtk2-ex
tend-gobject.png>] [225]
Overfull \hbox (10.00357pt too wide) in paragraph at lines 7675--7676
[][][][][][][][][][][][][][][][][][][][][][][][][] 
 []

) [226] [227


] [228] (./ch-Qt/ch-Qt.tex
Underfull \hbox (badness 10000) in paragraph at lines 13--18

 []


Underfull \hbox (badness 1424) in paragraph at lines 26--29
[]\T1/pplx/m/n/10 Other mod-ules in-clude func-tion-al-ity for net-work-ing, XM
L, SQL
 []

[229

] <ch-Qt/fig-qt-datavalidator.png, id=898, 262.9825pt x 142.5325pt>
File: ch-Qt/fig-qt-datavalidator.png Graphic file (type png)

<use ch-Qt/fig-qt-datavalidator.png> [230] [231 <./ch-Qt/fig-qt-datavalidator.p
ng>] [232] [233] [234] [235] [236] [237] [238] [239] [240]
Overfull \hbox (4.60352pt too wide) in paragraph at lines 902--903
[][][][][][][][][][][][][][][][][][][][][][][][][][][][][][][][][][] 
 []

[241]
Overfull \hbox (4.60352pt too wide) in paragraph at lines 965--966
[][][][][][][][][][][][][][][][][][][][][][][][][][][][][] 
 []

[242] [243] [244] [245] [246] [247]
<ch-Qt/fig-qt-style-sheet-example.png, id=957, 413.545pt x 162.6075pt>
File: ch-Qt/fig-qt-style-sheet-example.png Graphic file (type png)

<use ch-Qt/fig-qt-style-sheet-example.png>
<ch-Qt/fig-qt-line-edit-error.png, id=958, 552.0625pt x 250.9375pt>
File: ch-Qt/fig-qt-line-edit-error.png Graphic file (type png)

<use ch-Qt/fig-qt-line-edit-error.png> [248 <./ch-Qt/fig-qt-style-sheet-example
.png>] [249 <./ch-Qt/fig-qt-line-edit-error.png>] [250]
Underfull \hbox (badness 10000) in paragraph at lines 1577--1578

 []

<ch-Qt/fig-qt-layouts.png, id=970, 531.9875pt x 453.695pt>
File: ch-Qt/fig-qt-layouts.png Graphic file (type png)

<use ch-Qt/fig-qt-layouts.png> [251

] [252 <./ch-Qt/fig-qt-layouts.png>]
[253]
Underfull \hbox (badness 10000) in paragraph at lines 1762--1767

 []


Overfull \hbox (2.98892pt too wide) in paragraph at lines 1805--1813
 [][] 
 []

[254] [255] [256]
<ch-Qt/fig-qt-layout-example.png, id=991, 460.72125pt x 375.4025pt>
File: ch-Qt/fig-qt-layout-example.png Graphic file (type png)

<use ch-Qt/fig-qt-layout-example.png> [257]
Overfull \hbox (4.60352pt too wide) in paragraph at lines 2045--2046
[][][][][][][][][][][][][][][][][][][][] 
 []

[258 <./ch-Qt/fig-qt-layout-example.png>] [259] [260]
<ch-Qt/fig-qt-help-browser.png, id=1006, 683.55376pt x 401.5pt>
File: ch-Qt/fig-qt-help-browser.png Graphic file (type png)

<use ch-Qt/fig-qt-help-browser.png>
Overfull \hbox (4.60352pt too wide) in paragraph at lines 2269--2270
[][][][][][][][][][][][][][][][][][][][][][][][][][][][][] 
 []

[261] [262 <./ch-Qt/fig-qt-help-browser.png>] [263] [264] [265

]
<ch-Qt/fig-qt-dialog-qmessagebox.png, id=1024, 343.2825pt x 243.91125pt>
File: ch-Qt/fig-qt-dialog-qmessagebox.png Graphic file (type png)

<use ch-Qt/fig-qt-dialog-qmessagebox.png>
<ch-Qt/fig-qt-dialog-qmessagebox-with-details.png, id=1025, 405.515pt x 358.338
75pt>
File: ch-Qt/fig-qt-dialog-qmessagebox-with-details.png Graphic file (type png)
 <use ch-Qt/fig-qt-dialog-qmessagebox-with-details.png> [266 <./ch-Qt/fig-qt-di
alog-qmessagebox.png> <./ch-Qt/fig-qt-dialog-qmessagebox-with-details.png>]
Overfull \hbox (10.00357pt too wide) in paragraph at lines 2602--2603
[][][][][][][][][][][][][][][][][][][][][][] 
 []

<ch-Qt/fig-qt-dialog-input-integer.png, id=1031, 306.14375pt x 233.87375pt>
File: ch-Qt/fig-qt-dialog-input-integer.png Graphic file (type png)

<use ch-Qt/fig-qt-dialog-input-integer.png>
<ch-Qt/fig-qt-dialog-input-item.png, id=1032, 281.05pt x 228.855pt>
File: ch-Qt/fig-qt-dialog-input-item.png Graphic file (type png)

<use ch-Qt/fig-qt-dialog-input-item.png>
<ch-Qt/fig-qt-dialog-input-text.png, id=1033, 281.05pt x 218.8175pt>
File: ch-Qt/fig-qt-dialog-input-text.png Graphic file (type png)

<use ch-Qt/fig-qt-dialog-input-text.png> [267] [268 <./ch-Qt/fig-qt-dialog-inpu
t-integer.png> <./ch-Qt/fig-qt-dialog-input-item.png> <./ch-Qt/fig-qt-dialog-in
put-text.png>]
<ch-Qt/fig-qt-dialog-button-box-Qt.png, id=1043, 410.53375pt x 84.315pt>
File: ch-Qt/fig-qt-dialog-button-box-Qt.png Graphic file (type png)

<use ch-Qt/fig-qt-dialog-button-box-Qt.png>
<ch-Qt/fig-qt-dialog-button-box-linux.png, id=1044, 528.7755pt x 143.0946pt>
File: ch-Qt/fig-qt-dialog-button-box-linux.png Graphic file (type png)

<use ch-Qt/fig-qt-dialog-button-box-linux.png> [269 <./ch-Qt/fig-qt-dialog-butt
on-box-Qt.png> <./ch-Qt/fig-qt-dialog-button-box-linux.png>]
<ch-Qt/fig-qt-date-dialog.png, id=1050, 425.59pt x 328.22626pt>
File: ch-Qt/fig-qt-date-dialog.png Graphic file (type png)

<use ch-Qt/fig-qt-date-dialog.png> [270]
Overfull \hbox (4.60352pt too wide) in paragraph at lines 2817--2818
[][][][][][][][][][][][][][][][][] 
 []

[271 <./ch-Qt/fig-qt-date-dialog.png>]
Overfull \hbox (4.60352pt too wide) in paragraph at lines 2928--2929
[][][][][][][][][][][][][][][][][][][][][][][][][][][][][][][][][][][][][][][][
][] 
 []

[272] [273] [274] [275]
<ch-Qt/fig-qt-group-checkbox-radio.png, id=1071, 603.25375pt x 335.2525pt>
File: ch-Qt/fig-qt-group-checkbox-radio.png Graphic file (type png)

<use ch-Qt/fig-qt-group-checkbox-radio.png> [276] [277 <./ch-Qt/fig-qt-group-ch
eckbox-radio.png>] [278]
<ch-Qt/fig-qt-combobox-example.png, id=1083, 361.35pt x 219.82124pt>
File: ch-Qt/fig-qt-combobox-example.png Graphic file (type png)

<use ch-Qt/fig-qt-combobox-example.png> [279 <./ch-Qt/fig-qt-combobox-example.p
ng>] [280] [281] [282]
Underfull \hbox (badness 10000) in paragraph at lines 3753--3754

 []

[283] <ch-Qt/fig-qt-read-csv-dialog.png, id=1101, 365.365pt x 455.7025pt>
File: ch-Qt/fig-qt-read-csv-dialog.png Graphic file (type png)

<use ch-Qt/fig-qt-read-csv-dialog.png> [284] [285 <./ch-Qt/fig-qt-read-csv-dial
og.png>] [286] [287]
<ch-Qt/fig-qt-qwebview-embedded.png, id=1115, 823.075pt x 353.32pt>
File: ch-Qt/fig-qt-qwebview-embedded.png Graphic file (type png)

<use ch-Qt/fig-qt-qwebview-embedded.png> [288 <./ch-Qt/fig-qt-qwebview-embedded
.png>]
Overfull \hbox (15.40363pt too wide) in paragraph at lines 4099--4100
[][][][][][][][][][][][][][][][] 
 []

[289] [290] [291] [292] [293] [294

]
<ch-Qt/fig-qt-tableview-basic.png, id=1139, 555.07375pt x 296.10625pt>
File: ch-Qt/fig-qt-tableview-basic.png Graphic file (type png)

<use ch-Qt/fig-qt-tableview-basic.png> [295] [296 <./ch-Qt/fig-qt-tableview-bas
ic.png>] [297] [298] [299] [300] [301]
Underfull \hbox (badness 10000) in paragraph at lines 4861--4865

 []

[302] [303]
Overfull \hbox (4.60352pt too wide) in paragraph at lines 4987--4988
[][][][][][][][][][][][][][][][][][][][][][][][] 
 []

[304]
Overfull \hbox (4.60352pt too wide) in paragraph at lines 5054--5055
[][][][][][][][][][][][][][][][][][][][][] 
 []

[305] [306]
Overfull \hbox (20.80368pt too wide) in paragraph at lines 5202--5203
[][][][][][][][][][][][][][][][][][][][][][][][][][][][][] 
 []

[307]
<ch-Qt/fig-qt-dataframemodel-role-example.png, id=1183, 674.52pt x 301.125pt>
File: ch-Qt/fig-qt-dataframemodel-role-example.png Graphic file (type png)

<use ch-Qt/fig-qt-dataframemodel-role-example.png> [308 <./ch-Qt/fig-qt-datafra
memodel-role-example.png>]
<ch-Qt/fig-qt-treemodel-treeview.png, id=1188, 337.26pt x 295.1025pt>
File: ch-Qt/fig-qt-treemodel-treeview.png Graphic file (type png)

<use ch-Qt/fig-qt-treemodel-treeview.png>
<ch-Qt/fig-qt-treemodel-tableview.png, id=1189, 337.26pt x 295.1025pt>
File: ch-Qt/fig-qt-treemodel-tableview.png Graphic file (type png)

<use ch-Qt/fig-qt-treemodel-tableview.png>
<ch-Qt/fig-qt-treemodel-listview.png, id=1190, 297.11pt x 254.9525pt>
File: ch-Qt/fig-qt-treemodel-listview.png Graphic file (type png)

<use ch-Qt/fig-qt-treemodel-listview.png> [309]
<ch-Qt/fig-qt-ws-browser-treewidget.png, id=1194, 504.88625pt x 335.2525pt>
File: ch-Qt/fig-qt-ws-browser-treewidget.png Graphic file (type png)

<use ch-Qt/fig-qt-ws-browser-treewidget.png> [310 <./ch-Qt/fig-qt-treemodel-tre
eview.png> <./ch-Qt/fig-qt-treemodel-tableview.png> <./ch-Qt/fig-qt-treemodel-l
istview.png>] [311 <./ch-Qt/fig-qt-ws-browser-treewidget.png>] [312] [313]
Underfull \hbox (badness 10000) in paragraph at lines 5645--5646

 []

<ch-Qt/fig-qt-table-dnd.png, id=1212, 678.535pt x 355.3275pt>
File: ch-Qt/fig-qt-table-dnd.png Graphic file (type png)

<use ch-Qt/fig-qt-table-dnd.png> [314]
Overfull \hbox (15.40363pt too wide) in paragraph at lines 5666--5667
[][][][][][][][][][][][][][][][][][][][][][][][][][][][][] 
 []

[315 <./ch-Qt/fig-qt-table-dnd.png>] [316] [317] [318] [319]
Underfull \hbox (badness 10000) in paragraph at lines 5966--5971

 []

[320] <ch-Qt/fig-qt-listwidget-selection.png, id=1236, 337.26pt x 295.1025pt>
File: ch-Qt/fig-qt-listwidget-selection.png Graphic file (type png)

<use ch-Qt/fig-qt-listwidget-selection.png>
<ch-Qt/fig-qt-listwidget-checkbutton.png, id=1237, 337.26pt x 295.1025pt>
File: ch-Qt/fig-qt-listwidget-checkbutton.png Graphic file (type png)

<use ch-Qt/fig-qt-listwidget-checkbutton.png> [321] [322 <./ch-Qt/fig-qt-listwi
dget-selection.png> <./ch-Qt/fig-qt-listwidget-checkbutton.png>]
<ch-Qt/fig-qt-user-defined-model.png, id=1246, 704.6325pt x 296.10625pt>
File: ch-Qt/fig-qt-user-defined-model.png Graphic file (type png)

<use ch-Qt/fig-qt-user-defined-model.png> [323 <./ch-Qt/fig-qt-user-defined-mod
el.png>] [324] [325] [326]
<ch-Qt/fig-qt-qdatawidgetmapper.png, id=1261, 489.83pt x 370.38374pt>
File: ch-Qt/fig-qt-qdatawidgetmapper.png Graphic file (type png)

<use ch-Qt/fig-qt-qdatawidgetmapper.png> [327]
Overfull \hbox (4.60352pt too wide) in paragraph at lines 6474--6475
[][][][][][][][][][][][][][][][][][][] 
 []

[328 <./ch-Qt/fig-qt-qdatawidgetmapper.png>]
<ch-Qt/fig-qt-custom-view.png, id=1269, 474.77374pt x 353.32pt>
File: ch-Qt/fig-qt-custom-view.png Graphic file (type png)

<use ch-Qt/fig-qt-custom-view.png> [329 <./ch-Qt/fig-qt-custom-view.png>]
[330] [331]
Overfull \hbox (15.40363pt too wide) in paragraph at lines 6684--6685
[][][][][][][][][][][][][][][][][][][][][][][][] 
 []

[332] [333]
<ch-Qt/fig-qt-textedit-view-context-menu.png, id=1287, 458.71375pt x 401.5pt>
File: ch-Qt/fig-qt-textedit-view-context-menu.png Graphic file (type png)

<use ch-Qt/fig-qt-textedit-view-context-menu.png> [334 <./ch-Qt/fig-qt-textedit
-view-context-menu.png>] [335] [336

]
<ch-Qt/fig-qt-mainwindow-example.png, id=1298, 854.19125pt x 414.54875pt>
File: ch-Qt/fig-qt-mainwindow-example.png Graphic file (type png)

<use ch-Qt/fig-qt-mainwindow-example.png> [337 <./ch-Qt/fig-qt-mainwindow-examp
le.png>]
Overfull \hbox (10.00357pt too wide) in paragraph at lines 6997--6998
[][][][][][][][][][][][][][][][][][][][][] 
 []

[338]
Overfull \hbox (10.00357pt too wide) in paragraph at lines 7071--7072
[][][][][][][][][][][][][][][][][][][][][][][][][][][][][][][][][][][][][] 
 []

[339]
Underfull \hbox (badness 10000) in paragraph at lines 7144--7145

 []

[340] [341]
Underfull \hbox (badness 10000) in paragraph at lines 7275--7277

 []

[342]
Underfull \hbox (badness 10000) in paragraph at lines 7355--7357

 []

[343]) [344] [345


] [346] (./ch-tcltk/ch-tcltk.tex [347

]
<ch-tcltk/fig-tcltk-themed-dialog.png, id=1335, 306.14375pt x 99.37125pt>
File: ch-tcltk/fig-tcltk-themed-dialog.png Graphic file (type png)

<use ch-tcltk/fig-tcltk-themed-dialog.png> [348 <./ch-tcltk/fig-tcltk-themed-di
alog.png>] [349] [350] [351] [352]
Underfull \hbox (badness 1173) in paragraph at lines 387--396
[]\T1/pplx/m/n/10 For a sim-ple la-bel, the fol-low-ing op-tions are pos-si-ble
: \T1/cmtt/m/n/10 an-chor\T1/pplx/m/n/10 ,
 []

[353] [354] [355] [356]
File: ch-tcltk/fig-tcltk-themed-dialog.png Graphic file (type png)
 <use ch-tcltk/fig-tcltk-themed-dialog.png>
<ch-tcltk/fig-tcltk-non-themed-dialog.png, id=1367, 291.0875pt x 84.315pt>
File: ch-tcltk/fig-tcltk-non-themed-dialog.png Graphic file (type png)

<use ch-tcltk/fig-tcltk-non-themed-dialog.png> [357 <./ch-tcltk/fig-tcltk-non-t
hemed-dialog.png>]
Underfull \hbox (badness 10000) in paragraph at lines 766--770

 []

[358]
Overfull \hbox (4.60352pt too wide) in paragraph at lines 879--880
[][][][][][][][][][][][][][][][][][][][][][][][][][][][][][][][] 
 []

[359]
Overfull \hbox (12.39627pt too wide) in paragraph at lines 958--966
 [][] 
 []

<ch-tcltk/fig-tcltk-all-fonts.png, id=1378, 346.29375pt x 368.37625pt>
File: ch-tcltk/fig-tcltk-all-fonts.png Graphic file (type png)

<use ch-tcltk/fig-tcltk-all-fonts.png> [360]
Underfull \hbox (badness 10000) in paragraph at lines 1036--1043

 []

[361 <./ch-tcltk/fig-tcltk-all-fonts.png>] [362] [363]
<ch-tcltk/fig-tcltk-underline-buttons.png, id=1393, 195.73125pt x 170.6375pt>
File: ch-tcltk/fig-tcltk-underline-buttons.png Graphic file (type png)

<use ch-tcltk/fig-tcltk-underline-buttons.png> [364 <./ch-tcltk/fig-tcltk-under
line-buttons.png>] [365] [366] [367] [368] [369] [370

] [371] [372] [373]
Underfull \hbox (badness 10000) in paragraph at lines 1801--1818

 []

[374]
Underfull \hbox (badness 10000) in paragraph at lines 1862--1868

 []

[375]
<ch-tcltk/fig-tcltk-padding-pady-ipady.png, id=1433, 341.275pt x 157.58875pt>
File: ch-tcltk/fig-tcltk-padding-pady-ipady.png Graphic file (type png)

<use ch-tcltk/fig-tcltk-padding-pady-ipady.png> [376 <./ch-tcltk/fig-tcltk-padd
ing-pady-ipady.png>]
<ch-tcltk/fig-tcltk-anchor-compass.png, id=1438, 283.0575pt x 194.7275pt>
File: ch-tcltk/fig-tcltk-anchor-compass.png Graphic file (type png)

<use ch-tcltk/fig-tcltk-anchor-compass.png>
<ch-tcltk/fig-tcltk-expand-fill-both.png, id=1439, 396.48125pt x 263.98625pt>
File: ch-tcltk/fig-tcltk-expand-fill-both.png Graphic file (type png)

<use ch-tcltk/fig-tcltk-expand-fill-both.png>
<ch-tcltk/fig-tcltk-expand-fill-none.png, id=1440, 396.48125pt x 263.98625pt>
File: ch-tcltk/fig-tcltk-expand-fill-none.png Graphic file (type png)

<use ch-tcltk/fig-tcltk-expand-fill-none.png>
<ch-tcltk/fig-tcltk-expand-fill-x.png, id=1441, 396.48125pt x 263.98625pt>
File: ch-tcltk/fig-tcltk-expand-fill-x.png Graphic file (type png)

<use ch-tcltk/fig-tcltk-expand-fill-x.png>
<ch-tcltk/fig-tcltk-expand-fill-y.png, id=1442, 396.48125pt x 263.98625pt>
File: ch-tcltk/fig-tcltk-expand-fill-y.png Graphic file (type png)

<use ch-tcltk/fig-tcltk-expand-fill-y.png> [377 <./ch-tcltk/fig-tcltk-anchor-co
mpass.png>] [378 <./ch-tcltk/fig-tcltk-expand-fill-both.png> <./ch-tcltk/fig-tc
ltk-expand-fill-none.png> <./ch-tcltk/fig-tcltk-expand-fill-x.png> <./ch-tcltk/
fig-tcltk-expand-fill-y.png>]
<ch-tcltk/fig-tcltk-pack-buttons.png, id=1454, 307.1475pt x 185.69376pt>
File: ch-tcltk/fig-tcltk-pack-buttons.png Graphic file (type png)

<use ch-tcltk/fig-tcltk-pack-buttons.png> [379 <./ch-tcltk/fig-tcltk-pack-butto
ns.png>]
<ch-tcltk/fig-tcltk-simple-dialog.png, id=1460, 257.96375pt x 115.43124pt>
File: ch-tcltk/fig-tcltk-simple-dialog.png Graphic file (type png)

<use ch-tcltk/fig-tcltk-simple-dialog.png> [380 <./ch-tcltk/fig-tcltk-simple-di
alog.png>] [381]
Underfull \hbox (badness 3179) in paragraph at lines 2283--2295
\T1/pplx/b/n/10 The \T1/cmtt/m/n/10 tk-grid.rowconfigure \T1/pplx/b/n/10 and \T
1/cmtt/m/n/10 tk-grid.columnconfigure \T1/pplx/b/n/10 com-mands[]
 []

[382] <ch-tcltk/fig-tcltk-toolbar.png, id=1471, 374.39874pt x 255.95625pt>
File: ch-tcltk/fig-tcltk-toolbar.png Graphic file (type png)

<use ch-tcltk/fig-tcltk-toolbar.png> [383 <./ch-tcltk/fig-tcltk-toolbar.png>]
[384]
Overfull \hbox (4.60352pt too wide) in paragraph at lines 2432--2433
[][][][][][][][][][][][][][][][][][][][][][][][][][][][][][][][][][][][][][][][
][][][][][][][][][][][][][] 
 []


Overfull \hbox (10.00357pt too wide) in paragraph at lines 2433--2434
[][][][][][][][][][][][][][][][][][][][][][][][][][][][][][][][][][][][][][][][
][][][][][][][][][][][][][][] 
 []

<ch-tcltk/fig-tcltk-grid-calendar.png, id=1479, 185.69376pt x 227.85126pt>
File: ch-tcltk/fig-tcltk-grid-calendar.png Graphic file (type png)

<use ch-tcltk/fig-tcltk-grid-calendar.png> [385 <./ch-tcltk/fig-tcltk-grid-cale
ndar.png>] [386] [387]
<ch-tcltk/fig-tcltk-notebook.png, id=1491, 415.5525pt x 155.58125pt>
File: ch-tcltk/fig-tcltk-notebook.png Graphic file (type png)

<use ch-tcltk/fig-tcltk-notebook.png> [388 <./ch-tcltk/fig-tcltk-notebook.png>]
[389] [390]
<ch-tcltk/fig-tcltk-confirm-dialog.png, id=1502, 475.7775pt x 146.5475pt>
File: ch-tcltk/fig-tcltk-confirm-dialog.png Graphic file (type png)

<use ch-tcltk/fig-tcltk-confirm-dialog.png> [391

 <./ch-tcltk/fig-tcltk-confirm-dialog.png>] [392] [393]
<ch-tcltk/fig-tcltk-t-test.png, id=1514, 613.29124pt x 286.06876pt>
File: ch-tcltk/fig-tcltk-t-test.png Graphic file (type png)

<use ch-tcltk/fig-tcltk-t-test.png> [394] [395 <./ch-tcltk/fig-tcltk-t-test.png
>] [396] [397] [398] [399] [400] [401] [402]
<ch-tcltk/fig-tcltk-slider-labels.png, id=1544, 383.4325pt x 157.58875pt>
File: ch-tcltk/fig-tcltk-slider-labels.png Graphic file (type png)

<use ch-tcltk/fig-tcltk-slider-labels.png> [403] [404 <./ch-tcltk/fig-tcltk-sli
der-labels.png>] [405] [406] [407] [408]
Overfull \hbox (4.60352pt too wide) in paragraph at lines 4011--4012
[][][][][][][][][][][][][][][][][][][][][][][][][][][][] 
 []

[409] [410] [411

] [412] [413]
Overfull \hbox (4.60352pt too wide) in paragraph at lines 4297--4298
[][][][][][][][][][][][][][][][][][][][][][][][][][][][][][][][][][][][][][][][
][][][][][][][][][][][][][][][][][][][][][][] 
 []

[414] [415]
<ch-tcltk/fig-tcltk-text-buffer-commands.png, id=1588, 630.355pt x 297.11pt>
File: ch-tcltk/fig-tcltk-text-buffer-commands.png Graphic file (type png)

<use ch-tcltk/fig-tcltk-text-buffer-commands.png> [416 <./ch-tcltk/fig-tcltk-te
xt-buffer-commands.png>] [417] [418] [419] [420] [421] [422] [423]
Overfull \hbox (4.60352pt too wide) in paragraph at lines 4974--4975
[][][][][][][][][][][][][][][][][][][][][][][][][][][][][][][][][][][][][][][][
][][][][][][][][][][][][][][][][][][][][][] 
 []

[424] [425]
Overfull \hbox (18.64676pt too wide) in paragraph at lines 5115--5119
\T1/pplx/m/n/10 and $\OML/zplm/m/it/10 <$\T1/cmtt/m/n/10 KeyRelease$\OML/zplm/m
/it/10 >$\T1/pplx/m/n/10 , and the mouse events $\OML/zplm/m/it/10 <$\T1/cmtt/m
/n/10 ButtonPress$\OML/zplm/m/it/10 >$\T1/pplx/m/n/10 , $\OML/zplm/m/it/10 <$\T
1/cmtt/m/n/10 ButtonRelease$\OML/zplm/m/it/10 >$
 []

[426] <ch-tcltk/fig-tcltk-filter-table.png, id=1624, 602.25pt x 280.04625pt>
File: ch-tcltk/fig-tcltk-filter-table.png Graphic file (type png)

<use ch-tcltk/fig-tcltk-filter-table.png> [427 <./ch-tcltk/fig-tcltk-filter-tab
le.png>] [428]
<ch-tcltk/fig-tcltk-subset-filter.png, id=1633, 691.58376pt x 254.9525pt>
File: ch-tcltk/fig-tcltk-subset-filter.png Graphic file (type png)

<use ch-tcltk/fig-tcltk-subset-filter.png> [429 <./ch-tcltk/fig-tcltk-subset-fi
lter.png>] [430]
Overfull \hbox (15.40363pt too wide) in paragraph at lines 5391--5392
[][][][][][][][][][][][][][][][][][][][][][][][][][][] 
 []

[431]
Overfull \hbox (10.00357pt too wide) in paragraph at lines 5423--5424
[][][][][][][][][][][][][][][][][][][][][][][][][][][][][][] 
 []

[432]
Overfull \hbox (10.00357pt too wide) in paragraph at lines 5496--5497
[][][][][][][][][][][][][][][][][][][][][][][][][][][][][][][] 
 []


Overfull \hbox (4.60352pt too wide) in paragraph at lines 5535--5536
[][][][][][][][][][][][][][][][][][][][][][] 
 []

[433] [434] [435] [436] [437] [438]
<ch-tcltk/fig-tcltk-xml-viewer.png, id=1666, 426.59375pt x 253.94875pt>
File: ch-tcltk/fig-tcltk-xml-viewer.png Graphic file (type png)

<use ch-tcltk/fig-tcltk-xml-viewer.png>
Overfull \hbox (4.60352pt too wide) in paragraph at lines 5910--5911
[][][][][][][][][][][][][][][][][][][][][] 
 []

[439 <./ch-tcltk/fig-tcltk-xml-viewer.png>] [440] [441] [442] [443]
<ch-tcltk/fig-tcltk-sparklines.png, id=1684, 423.5825pt x 127.47626pt>
File: ch-tcltk/fig-tcltk-sparklines.png Graphic file (type png)

<use ch-tcltk/fig-tcltk-sparklines.png> [444] [445 <./ch-tcltk/fig-tcltk-sparkl
ines.png>] [446]) [447] [448

]

! Class memoir Error: Font command \bf is not supported.

See the memoir class documentation for explanation.
Type  H <return>  for immediate help.
 ...                                              
                                                  
l.107 \printindex{concepts}{Concept index}
                                          
? 
(./concepts.ind
Underfull \hbox (badness 2277) in paragraph at lines 44--45
[]| \T1/pplx/m/n/10 eval-u-at-ing strings, 59, 62,
 []


Overfull \hbox (6.45169pt too wide) in paragraph at lines 55--56
[]| \T1/pplx/m/n/10 model-view-controller, 167, 295 
 []

[449

])

! Class memoir Error: Font command \bf is not supported.

See the memoir class documentation for explanation.
Type  H <return>  for immediate help.
 ...                                              
                                                  
l.108 \printindex{general}{Class and method index}
                                                  
? 
(./general.ind
Overfull \hbox (3.2214pt too wide) in paragraph at lines 87--88
[]| \T1/cmtt/m/n/10 ad-dHan-dler-Colum-nClicked\T1/pplx/m/n/10 , 99 
 []


Overfull \hbox (11.2154pt too wide) in paragraph at lines 88--89
[]| \T1/cmtt/m/n/10 ad-dHan-dler-Colum-n-Dou-bleclick\T1/pplx/m/n/10 ,
 []


Overfull \hbox (5.96667pt too wide) in paragraph at lines 89--90
[]| \T1/cmtt/m/n/10 ad-dHan-dler-Colum-n-Rightclick\T1/pplx/m/n/10 ,
 []

[450


] [451] [452]
Overfull \hbox (2.11076pt too wide) in paragraph at lines 297--298
[]\T1/pplx/m/n/10 gtkButtonNewWithMnemonic, 140 
 []

[453]
Overfull \hbox (0.71796pt too wide) in paragraph at lines 384--385
[]| \T1/cmtt/m/n/10 in-sert-Page-With-Close-But-ton\T1/pplx/m/n/10 ,
 []


Overfull \hbox (42.86986pt too wide) in paragraph at lines 404--405
[]\T1/pplx/m/n/10 gtkRadioButtonNewWithLabelFromWidget,
 []

[454] [455]
Overfull \hbox (5.96667pt too wide) in paragraph at lines 517--518
[]| \T1/cmtt/m/n/10 in-sert-Colum-n-With-At-tributes\T1/pplx/m/n/10 ,
 []

[456] [457]
Overfull \hbox (13.47012pt too wide) in paragraph at lines 778--779
[]| \T1/cmtt/m/n/10 setHo-r-i-zon-tal-Head-er-Names\T1/pplx/m/n/10 , 310 
 []


Overfull \hbox (26.96155pt too wide) in paragraph at lines 786--787
[]| \T1/cmtt/m/n/10 QAb-strac-tItemView::EditTrigger\T1/pplx/m/n/10 ,
 []

[458]
Overfull \hbox (37.45898pt too wide) in paragraph at lines 787--788
[]| \T1/cmtt/m/n/10 QAb-strac-tItemView::SelectionMode\T1/pplx/m/n/10 ,
 []


Overfull \hbox (6.61577pt too wide) in paragraph at lines 789--790
[]| \T1/cmtt/m/n/10 QDi-alog-But-ton-Box$ Stan-dard-
 []


Overfull \hbox (53.20514pt too wide) in paragraph at lines 791--792
[]| \T1/cmtt/m/n/10 QItem-S-e-lec-tion-Model::SelectionFlags\T1/pplx/m/n/10 ,
 []


Overfull \hbox (0.71796pt too wide) in paragraph at lines 792--793
[]| \T1/cmtt/m/n/10 QKey-Se-quence::StandardKey\T1/pplx/m/n/10 ,
 []


Overfull \hbox (11.2154pt too wide) in paragraph at lines 794--795
[]| \T1/cmtt/m/n/10 QMes-sage-Box::StandardButton\T1/pplx/m/n/10 ,
 []


Overfull \hbox (2.97269pt too wide) in paragraph at lines 797--798
[]| \T1/cmtt/m/n/10 QStyle::StandardPixmap\T1/pplx/m/n/10 , 275 
 []


Overfull \hbox (3.86705pt too wide) in paragraph at lines 799--800
[]| \T1/cmtt/m/n/10 QTextCur-sor$ Move-Op-er-a-tion\T1/pplx/m/n/10 ,
 []


Overfull \hbox (8.2214pt too wide) in paragraph at lines 800--801
[]| \T1/cmtt/m/n/10 QTextDoc-u-ment::FindFlag\T1/pplx/m/n/10 , 334 
 []


Overfull \hbox (8.2214pt too wide) in paragraph at lines 801--802
[]| \T1/cmtt/m/n/10 QTextE-dit::LineWrapMode\T1/pplx/m/n/10 , 333 
 []


Overfull \hbox (0.71796pt too wide) in paragraph at lines 821--822
[]| \T1/cmtt/m/n/10 cre-at-e-S-tandard-Con-textMenu\T1/pplx/m/n/10 ,
 []

[459]
Underfull \hbox (badness 1442) in paragraph at lines 897--900
\T1/pplx/m/n/10 45, 47, 102, 103, 105,
 []


Underfull \hbox (badness 1072) in paragraph at lines 908--910
[]| \T1/cmtt/m/n/10 cairoDe-vice\T1/pplx/m/n/10 , 93, 129, 133,
 []


Underfull \hbox (badness 1052) in paragraph at lines 939--941
[]| \T1/cmtt/m/n/10 qt-base\T1/pplx/m/n/10 , ii, iii, 27, 28, 38,
 []

[460] [461] [462] [463] [464

]) (./guis.fb.aux)
\tf@toc=\write8
\openout8 = `guis.toc'.

 (./guis.aux)

LaTeX Font Warning: Some font shapes were not available, defaults substituted.

 ) 
Here is how much of TeX's memory you used:
 13174 strings out of 94073
 192088 string characters out of 1164798
 276800 words of memory out of 1500000
 16173 multiletter control sequences out of 10000+50000
 81854 words of font info for 150 fonts, out of 1200000 for 2000
 645 hyphenation exceptions out of 8191
 37i,12n,41p,1792b,1736s stack positions out of 5000i,500n,6000p,200000b,5000s
{/opt/local/share/texmf-dist/fonts/enc/dvips/cm-super/cm-super-t1.enc}{/opt/l
ocal/share/texmf-dist/fonts/enc/dvips/base/8r.enc}</opt/local/share/texmf-dist/
fonts/type1/bluesky/cm/cmmi10.pfb></opt/local/share/texmf-dist/fonts/type1/blue
sky/cm/cmr10.pfb></opt/local/share/texmf-dist/fonts/type1/bluesky/cm/cmsy10.pfb
></opt/local/share/texmf-dist/fonts/type1/public/fpl/fplrc8a.pfb></opt/local/sh
are/texmf-dist/fonts/type1/public/cm-super/sfit1000.pfb></opt/local/share/texmf
-dist/fonts/type1/public/cm-super/sfss1728.pfb></opt/local/share/texmf-dist/fon
ts/type1/public/cm-super/sfss2488.pfb></opt/local/share/texmf-dist/fonts/type1/
public/cm-super/sftt0800.pfb></opt/local/share/texmf-dist/fonts/type1/public/cm
-super/sftt0900.pfb></opt/local/share/texmf-dist/fonts/type1/public/cm-super/sf
tt1000.pfb></opt/local/share/texmf-dist/fonts/type1/public/cm-super/sftt1095.pf
b></opt/local/share/texmf-dist/fonts/type1/public/cm-super/sftt1200.pfb></opt/l
ocal/share/texmf-dist/fonts/type1/public/cm-super/sftt2074.pfb></opt/local/shar
e/texmf-dist/fonts/type1/urw/palatino/uplb8a.pfb></opt/local/share/texmf-dist/f
onts/type1/urw/palatino/uplr8a.pfb></opt/local/share/texmf-dist/fonts/type1/urw
/palatino/uplri8a.pfb>
Output written on guis.pdf (476 pages, 4602480 bytes).
PDF statistics:
 1822 PDF objects out of 2073 (max. 8388607)
 0 named destinations out of 1000 (max. 131072)
 581 words of extra memory for PDF output out of 10000 (max. 10000000)

