This is pdfTeX, Version 3.141592-1.40.3 (Web2C 7.5.6) (format=pdflatex 2009.4.5)  31 AUG 2011 10:32
entering extended mode
**print-chapter
(./print-chapter.tex
LaTeX2e <2005/12/01>
Babel <v3.8h> and hyphenation patterns for english, usenglishmax, dumylang, noh
yphenation, arabic, basque, bulgarian, coptic, welsh, czech, slovak, german, ng
erman, danish, esperanto, spanish, catalan, galician, estonian, farsi, finnish,
 french, greek, monogreek, ancientgreek, croatian, hungarian, interlingua, ibyc
us, indonesian, icelandic, italian, latin, mongolian, dutch, norsk, polish, por
tuguese, pinyin, romanian, russian, slovenian, uppersorbian, serbian, swedish, 
turkish, ukenglish, ukrainian, loaded.
(/opt/local/share/texmf-dist/tex/latex/memoir/memoir.cls
Document Class: memoir 2005/09/25 v1.618 configurable document class
\onelineskip=\skip41
\lxvchars=\skip42
\xlvchars=\skip43
\@memcnta=\count79
\stockheight=\skip44
\stockwidth=\skip45
\trimtop=\skip46
\trimedge=\skip47
(/opt/local/share/texmf-dist/tex/latex/memoir/mem10.clo
File: mem10.clo 2002/07/27 v0.2 memoir class 10pt size option
)
\spinemargin=\skip48
\foremargin=\skip49
\uppermargin=\skip50
\lowermargin=\skip51
\headdrop=\skip52
\normalrulethickness=\skip53
\headwidth=\skip54
\c@storedpagenumber=\count80
\thanksmarkwidth=\skip55
\thanksmarksep=\skip56
\droptitle=\skip57
\abstitleskip=\skip58
\absleftindent=\skip59
\abs@leftindent=\dimen102
\absrightindent=\skip60
\absparindent=\skip61
\absparsep=\skip62
\c@part=\count81
\c@chapter=\count82
\c@section=\count83
\c@subsection=\count84
\c@subsubsection=\count85
\c@paragraph=\count86
\c@subparagraph=\count87
\beforechapskip=\skip63
\midchapskip=\skip64
\afterchapskip=\skip65
\chapindent=\skip66
\bottomsectionskip=\skip67
\secindent=\skip68
\beforesecskip=\skip69
\aftersecskip=\skip70
\subsecindent=\skip71
\beforesubsecskip=\skip72
\aftersubsecskip=\skip73
\subsubsecindent=\skip74
\beforesubsubsecskip=\skip75
\aftersubsubsecskip=\skip76
\paraindent=\skip77
\beforeparaskip=\skip78
\afterparaskip=\skip79
\subparaindent=\skip80
\beforesubparaskip=\skip81
\aftersubparaskip=\skip82
\pfbreakskip=\skip83
\c@@ppsavesec=\count88
\c@@ppsaveapp=\count89
\ragrparindent=\dimen103
\parsepi=\skip84
\topsepi=\skip85
\itemsepi=\skip86
\parsepii=\skip87
\topsepii=\skip88
\topsepiii=\skip89
\m@msavetopsep=\skip90
\m@msavepartopsep=\skip91
\@enLab=\toks14
\c@vslineno=\count90
\c@poemline=\count91
\c@modulo@vs=\count92
\vleftskip=\skip92
\vrightskip=\skip93
\stanzaskip=\skip94
\versewidth=\skip95
\vgap=\skip96
\vindent=\skip97
\vleftmargin=\dimen104
\c@verse=\count93
\c@chrsinstr=\count94
\beforepoemtitleskip=\skip98
\afterpoemtitleskip=\skip99
\c@poem=\count95
\beforePoemTitleskip=\skip100
\midPoemTitleskip=\skip101
\afterPoemTitleskip=\skip102
\col@sep=\dimen105
\extrarowheight=\dimen106
\NC@list=\toks15
\extratabsurround=\skip103
\backup@length=\skip104
\TX@col@width=\dimen107
\TX@old@table=\dimen108
\TX@old@col=\dimen109
\TX@target=\dimen110
\TX@delta=\dimen111
\TX@cols=\count96
\TX@ftn=\toks16
\heavyrulewidth=\dimen112
\lightrulewidth=\dimen113
\cmidrulewidth=\dimen114
\belowrulesep=\dimen115
\belowbottomsep=\dimen116
\aboverulesep=\dimen117
\abovetopsep=\dimen118
\cmidrulesep=\dimen119
\cmidrulekern=\dimen120
\defaultaddspace=\dimen121
\@cmidla=\count97
\@cmidlb=\count98
\@aboverulesep=\dimen122
\@belowrulesep=\dimen123
\@thisruleclass=\count99
\@lastruleclass=\count100
\@thisrulewidth=\dimen124
\ctableftskip=\skip105
\ctabrightskip=\skip106
\abovecolumnspenalty=\count101
\@linestogo=\count102
\@cellstogo=\count103
\@cellsincolumn=\count104
\crtok=\toks17
\@mincolumnwidth=\dimen125
\c@newflo@tctr=\count105
\@contcwidth=\skip107
\@contindw=\skip108
\abovecaptionskip=\skip109
\belowcaptionskip=\skip110
\subfloattopskip=\skip111
\subfloatcapskip=\skip112
\subfloatcaptopadj=\skip113
\subfloatbottomskip=\skip114
\subfloatlabelskip=\skip115
\subfloatcapmargin=\dimen126
\c@@contsubnum=\count106
\beforeepigraphskip=\skip116
\afterepigraphskip=\skip117
\epigraphwidth=\skip118
\epigraphrule=\skip119
LaTeX Info: Redefining \em on input line 4895.
LaTeX Info: Redefining \emph on input line 4903.
\tocentryskip=\skip120
\tocbaseline=\skip121
\cftparskip=\skip122
\cftbeforepartskip=\skip123
\cftpartindent=\skip124
\cftpartnumwidth=\skip125
\cftbeforechapterskip=\skip126
\cftchapterindent=\skip127
\cftchapternumwidth=\skip128
\cftbeforesectionskip=\skip129
\cftsectionindent=\skip130
\cftsectionnumwidth=\skip131
\cftbeforesubsectionskip=\skip132
\cftsubsectionindent=\skip133
\cftsubsectionnumwidth=\skip134
\cftbeforesubsubsectionskip=\skip135
\cftsubsubsectionindent=\skip136
\cftsubsubsectionnumwidth=\skip137
\cftbeforeparagraphskip=\skip138
\cftparagraphindent=\skip139
\cftparagraphnumwidth=\skip140
\cftbeforesubparagraphskip=\skip141
\cftsubparagraphindent=\skip142
\cftsubparagraphnumwidth=\skip143
\c@maxsecnumdepth=\count107
\bibindent=\dimen127
\bibitemsep=\skip144
\indexcolsep=\skip145
\indexrule=\skip146
\indexmarkstyle=\toks18
\@indexbox=\insert233
\glossarycolsep=\dimen128
\glossaryrule=\dimen129
\sideparvshift=\skip147
\sideins=\insert232
\sidebarhsep=\skip148
\sidebarvsep=\skip149
\sidebarwidth=\skip150
\footmarkwidth=\skip151
\footmarksep=\skip152
\footparindent=\skip153
\footinsdim=\skip154
\footinsv@r=\insert231
\@mpfootinsv@r=\insert230
\m@m@k=\count108
\m@m@h=\dimen130
\m@mipn@skip=\skip155
\c@sheetsequence=\count109
\c@lastsheet=\count110
\c@lastpage=\count111
\every@verbatim=\toks19
\afterevery@verbatim=\toks20
\verbatim@line=\toks21
\tab@position=\count112
\verbatim@in@stream=\read1
\verbatimindent=\skip156
\verbatim@out=\write3
\bvboxsep=\skip157
\c@bvlinectr=\count113
\bvnumlength=\skip158
\FrameRule=\dimen131
\FrameSep=\dimen132
\c@cp@cntr=\count114
LaTeX Info: Redefining \: on input line 8292.
LaTeX Info: Redefining \! on input line 8294.
\c@ism@mctr=\count115
\c@xsm@mctr=\count116
\c@csm@mctr=\count117
\c@ksm@mctr=\count118
\c@xksm@mctr=\count119
\c@cksm@mctr=\count120
\c@msm@mctr=\count121
\c@xmsm@mctr=\count122
\c@cmsm@mctr=\count123
\c@bsm@mctr=\count124
\c@workm@mctr=\count125
\c@figure=\count126
\c@lofdepth=\count127
\c@lofdepth=\count127
\cftbeforefigureskip=\skip159
\cftfigureindent=\skip160
\cftfigurenumwidth=\skip161
\c@table=\count127
\c@lotdepth=\count128
\c@lotdepth=\count128
\cftbeforetableskip=\skip162
\cfttableindent=\skip163
\cfttablenumwidth=\skip164
Package abstract emulated by memoir.
Package appendix emulated by memoir.
Package array emulated by memoir.
Package booktabs emulated by memoir.
Package ccaption emulated by memoir.
Package chngcntr emulated by memoir.
Package chngpage emulated by memoir.
Package crop emulated by memoir.
Package dcolumn emulated by memoir.
Package delarray emulated by memoir.
Package enumerate emulated by memoir.
Package epigraph emulated by memoir.
Package framed emulated by memoir.
Package ifmtarg emulated by memoir.
Package ifpdf emulated by memoir.
Package index emulated by memoir.
Package makeidx emulated by memoir.
Package moreverb emulated by memoir.
Package needspace emulated by memoir.
Package newfile emulated by memoir.
Package nextpage emulated by memoir.
Package patchcmd emulated by memoir.
Package shortvrb emulated by memoir.
Package showidx emulated by memoir.
Package tabularx emulated by memoir.
Package titleref emulated by memoir.
Package titling emulated by memoir.
Package tocbibind emulated by memoir.
Package tocloft emulated by memoir.
Package verbatim emulated by memoir.
Package verse emulated by memoir.

(/opt/local/share/texmf-dist/tex/latex/memoir/mempatch.sty
File: mempatch.sty 2007/01/22 v4.8 Patches for memoir class v1.618
\m@mscap@capbox=\box26
\m@mscap@fbox=\box27
\sidecapsep=\dimen133
\sidecapwidth=\dimen134
\m@m@tempdima=\dimen135
\m@mscapraise=\dimen136
\sidecapraise=\dimen137
\m@mscapmainwidth=\dimen138
\m@mscaplkern=\dimen139
\c@book=\count128
\cftbeforebookskip=\skip165
\cftbookindent=\dimen140
\cftbooknumwidth=\dimen141
\c@pagenote=\count129
Package pagenote emulated by memoir.
\cftbeforesectionskip=\skip166
\cftsectionindent=\skip167
\cftsectionnumwidth=\skip168
\cftbeforesubsectionskip=\skip169
\cftsubsectionindent=\skip170
\cftsubsectionnumwidth=\skip171
\cftbeforesubsubsectionskip=\skip172
\cftsubsubsectionindent=\skip173
\cftsubsubsectionnumwidth=\skip174
\cftbeforeparagraphskip=\skip175
\cftparagraphindent=\skip176
\cftparagraphnumwidth=\skip177
\cftbeforesubparagraphskip=\skip178
\cftsubparagraphindent=\skip179
\cftsubparagraphnumwidth=\skip180
\cftbeforefigureskip=\skip181
\cftfigureindent=\skip182
\cftfigurenumwidth=\skip183
\cftbeforetableskip=\skip184
\cfttableindent=\skip185
\cfttablenumwidth=\skip186
\everylistparindent=\dimen142
Package setspace emulated by memoir.
\memPD=\dimen143
Package parskip emulated by memoir.
\m@mabparskip=\skip187
\itemsepii=\skip188
\itemsepiii=\skip189
\partopsepiii=\skip190
\sidebartopsep=\skip191
\c@lofdepth=\count130
\c@lotdepth=\count131
)) (../setup.tex
(/opt/local/share/texmf-dist/tex/latex/psnfss/mathptmx.sty
Package: mathptmx 2005/04/12 PSNFSS-v9.2a Times w/ Math, improved (SPQR, WaS) 
LaTeX Font Info:    Redeclaring symbol font `operators' on input line 28.
LaTeX Font Info:    Overwriting symbol font `operators' in version `normal'
(Font)                  OT1/cmr/m/n --> OT1/ztmcm/m/n on input line 28.
LaTeX Font Info:    Overwriting symbol font `operators' in version `bold'
(Font)                  OT1/cmr/bx/n --> OT1/ztmcm/m/n on input line 28.
LaTeX Font Info:    Redeclaring symbol font `letters' on input line 29.
LaTeX Font Info:    Overwriting symbol font `letters' in version `normal'
(Font)                  OML/cmm/m/it --> OML/ztmcm/m/it on input line 29.
LaTeX Font Info:    Overwriting symbol font `letters' in version `bold'
(Font)                  OML/cmm/b/it --> OML/ztmcm/m/it on input line 29.
LaTeX Font Info:    Redeclaring symbol font `symbols' on input line 30.
LaTeX Font Info:    Overwriting symbol font `symbols' in version `normal'
(Font)                  OMS/cmsy/m/n --> OMS/ztmcm/m/n on input line 30.
LaTeX Font Info:    Overwriting symbol font `symbols' in version `bold'
(Font)                  OMS/cmsy/b/n --> OMS/ztmcm/m/n on input line 30.
LaTeX Font Info:    Redeclaring symbol font `largesymbols' on input line 31.
LaTeX Font Info:    Overwriting symbol font `largesymbols' in version `normal'
(Font)                  OMX/cmex/m/n --> OMX/ztmcm/m/n on input line 31.
LaTeX Font Info:    Overwriting symbol font `largesymbols' in version `bold'
(Font)                  OMX/cmex/m/n --> OMX/ztmcm/m/n on input line 31.
\symbold=\mathgroup4
\symitalic=\mathgroup5
LaTeX Font Info:    Redeclaring math alphabet \mathbf on input line 34.
LaTeX Font Info:    Overwriting math alphabet `\mathbf' in version `normal'
(Font)                  OT1/cmr/bx/n --> OT1/ptm/bx/n on input line 34.
LaTeX Font Info:    Overwriting math alphabet `\mathbf' in version `bold'
(Font)                  OT1/cmr/bx/n --> OT1/ptm/bx/n on input line 34.
LaTeX Font Info:    Redeclaring math alphabet \mathit on input line 35.
LaTeX Font Info:    Overwriting math alphabet `\mathit' in version `normal'
(Font)                  OT1/cmr/m/it --> OT1/ptm/m/it on input line 35.
LaTeX Font Info:    Overwriting math alphabet `\mathit' in version `bold'
(Font)                  OT1/cmr/bx/it --> OT1/ptm/m/it on input line 35.
LaTeX Info: Redefining \hbar on input line 50.
)
(/opt/local/share/texmf-dist/tex/latex/graphics/graphicx.sty
Package: graphicx 1999/02/16 v1.0f Enhanced LaTeX Graphics (DPC,SPQR)

(/opt/local/share/texmf-dist/tex/latex/graphics/keyval.sty
Package: keyval 1999/03/16 v1.13 key=value parser (DPC)
\KV@toks@=\toks22
)
(/opt/local/share/texmf-dist/tex/latex/graphics/graphics.sty
Package: graphics 2006/02/20 v1.0o Standard LaTeX Graphics (DPC,SPQR)

(/opt/local/share/texmf-dist/tex/latex/graphics/trig.sty
Package: trig 1999/03/16 v1.09 sin cos tan (DPC)
)
(/opt/local/share/texmf/tex/latex/config/graphics.cfg
File: graphics.cfg 2007/01/18 v1.5 graphics configuration of teTeX/TeXLive
)
Package graphics Info: Driver file: pdftex.def on input line 90.

(/opt/local/share/texmf-dist/tex/latex/pdftex-def/pdftex.def
File: pdftex.def 2007/01/08 v0.04d Graphics/color for pdfTeX
\Gread@gobject=\count132
))
\Gin@req@height=\dimen144
\Gin@req@width=\dimen145
)
(/opt/local/share/texmf-dist/tex/latex/ltxmisc/relsize.sty
Package: relsize 2003/07/04 ver 3.1
)
(/opt/local/share/texmf-dist/tex/latex/amsmath/amsmath.sty
Package: amsmath 2000/07/18 v2.13 AMS math features
\@mathmargin=\skip192

For additional information on amsmath, use the `?' option.
(/opt/local/share/texmf-dist/tex/latex/amsmath/amstext.sty
Package: amstext 2000/06/29 v2.01

(/opt/local/share/texmf-dist/tex/latex/amsmath/amsgen.sty
File: amsgen.sty 1999/11/30 v2.0
\@emptytoks=\toks23
\ex@=\dimen146
))
(/opt/local/share/texmf-dist/tex/latex/amsmath/amsbsy.sty
Package: amsbsy 1999/11/29 v1.2d
\pmbraise@=\dimen147
)
(/opt/local/share/texmf-dist/tex/latex/amsmath/amsopn.sty
Package: amsopn 1999/12/14 v2.01 operator names
)
\inf@bad=\count133
LaTeX Info: Redefining \frac on input line 211.
\uproot@=\count134
\leftroot@=\count135
LaTeX Info: Redefining \overline on input line 307.
\classnum@=\count136
\DOTSCASE@=\count137
LaTeX Info: Redefining \ldots on input line 379.
LaTeX Info: Redefining \dots on input line 382.
LaTeX Info: Redefining \cdots on input line 467.
\Mathstrutbox@=\box28
\strutbox@=\box29
\big@size=\dimen148
LaTeX Font Info:    Redeclaring font encoding OML on input line 567.
LaTeX Font Info:    Redeclaring font encoding OMS on input line 568.
\macc@depth=\count138
\c@MaxMatrixCols=\count139
\dotsspace@=\muskip10
\c@parentequation=\count140
\dspbrk@lvl=\count141
\tag@help=\toks24
\row@=\count142
\column@=\count143
\maxfields@=\count144
\andhelp@=\toks25
\eqnshift@=\dimen149
\alignsep@=\dimen150
\tagshift@=\dimen151
\tagwidth@=\dimen152
\totwidth@=\dimen153
\lineht@=\dimen154
\@envbody=\toks26
\multlinegap=\skip193
\multlinetaggap=\skip194
\mathdisplay@stack=\toks27
LaTeX Info: Redefining \[ on input line 2666.
LaTeX Info: Redefining \] on input line 2667.
)
(/opt/local/share/texmf-dist/tex/latex/amsfonts/amsfonts.sty
Package: amsfonts 2001/10/25 v2.2f
\symAMSa=\mathgroup6
\symAMSb=\mathgroup7
LaTeX Font Info:    Overwriting math alphabet `\mathfrak' in version `bold'
(Font)                  U/euf/m/n --> U/euf/b/n on input line 132.
)
(/opt/local/share/texmf-dist/tex/latex/ltxmisc/url.sty
\Urlmuskip=\muskip11
Package: url 2005/06/27  ver 3.2  Verb mode for urls, etc.
)
(/opt/local/share/texmf-dist/tex/latex/listings/listings.sty
\lst@mode=\count145
\lst@gtempboxa=\box30
\lst@token=\toks28
\lst@length=\count146
\lst@currlwidth=\dimen155
\lst@column=\count147
\lst@pos=\count148
\lst@lostspace=\dimen156
\lst@width=\dimen157
\lst@newlines=\count149
\lst@lineno=\count150
\c@lstlisting=\count151
\lst@maxwidth=\dimen158

(/opt/local/share/texmf-dist/tex/latex/listings/lstpatch.sty
File: lstpatch.sty 2004/10/17 1.3b (Carsten Heinz)
)
(/opt/local/share/texmf-dist/tex/latex/listings/lstmisc.sty
File: lstmisc.sty 2004/09/07 1.3 (Carsten Heinz)
\c@lstnumber=\count152
\lst@skipnumbers=\count153
\lst@framebox=\box31
)
(/opt/local/share/texmf-dist/tex/latex/listings/listings.cfg
File: listings.cfg 2004/09/05 1.3 listings configuration
))
Package: listings 2004/10/17 1.3b (Carsten Heinz)

(/opt/local/share/texmf-dist/tex/latex/misc209/multind.sty)
\general@idxfile=\write4
\openout4 = `general.idx'.


Writing index file general.idx 
\concepts@idxfile=\write5
\openout5 = `concepts.idx'.

Writing index file concepts.idx 
(/opt/local/share/texmf-dist/tex/latex/footbib/footbib.sty
Package: footbib 2004/06/04 v2.0.4 (E.Domenjoud)


! Package footbib Error: the output routine of LaTeX changed.

See the footbib package documentation for explanation.
Type  H <return>  for immediate help.
 ...                                              
                                                  
l.92    just type <return>.\MessageBreak}
                                         
The output routine of LaTeX changed since the current version of `footbib'.
Since `footbib' patches this routine, using it may produce unexpected
results. Send a mail to  Eric.Domenjoud@loria.fr  to get a new version.

Type  X <return>  to quit or cross your fingers and just type <return>.


\fb@ins=\insert229
\fb@auxout=\write6
\fb@numunit=\count154
\fb@citeunit=\count155
\fb@xrefunit=\count156
\fb@prevpage=\count157
\fb@refcount=\count158
\fb@lbl=\toks29
\fb@txt=\toks30
\fb@citecount=\count159
\fb@lastrefnumunit=\count160
\fb@lblwidth=\dimen159
) (/opt/local/share/texmf-dist/tex/latex/base/fontenc.sty
Package: fontenc 2005/09/27 v1.99g Standard LaTeX package

(/opt/local/share/texmf-dist/tex/latex/base/t1enc.def
File: t1enc.def 2005/09/27 v1.99g Standard LaTeX file
LaTeX Font Info:    Redeclaring font encoding T1 on input line 43.
))
(/opt/local/share/texmf-dist/tex/latex/psnfss/mathpazo.sty
Package: mathpazo 2005/04/12 PSNFSS-v9.2a Palatino w/ Pazo Math (D.Puga, WaS) 
\symupright=\mathgroup8
)
LaTeX Font Info:    Try loading font information for T1+pplx on input line 81.

(/opt/local/share/texmf-dist/tex/latex/psnfss/t1pplx.fd
File: t1pplx.fd 2004/09/06 font definitions for T1/pplx.
)
LaTeX Font Info:    Try loading font information for T1+cmss on input line 81.

(/opt/local/share/texmf-dist/tex/latex/base/t1cmss.fd
File: t1cmss.fd 1999/05/25 v2.5h Standard LaTeX font definitions
)
(/opt/local/share/texmf-dist/tex/latex/everysel/everysel.sty
Package: everysel 1999/06/08 v1.03 EverySelectfont Package (MS)
)
(/opt/local/share/texmf-dist/tex/latex/fancyvrb/fancyvrb.sty
Package: fancyvrb 1998/07/17

Style option: `fancyvrb' v2.6, with DG/SPQR fixes <1998/07/17> (tvz)
\FV@CodeLineNo=\count161
\FV@InFile=\read2
\FV@TabBox=\box32
\c@FancyVerbLine=\count162
\FV@StepNumber=\count163
\FV@OutFile=\write7

No file fancyvrb.cfg.
) (/opt/local/share/texmf-dist/tex/latex/graphics/color.sty
Package: color 2005/11/14 v1.0j Standard LaTeX Color (DPC)

(/opt/local/share/texmf/tex/latex/config/color.cfg
File: color.cfg 2007/01/18 v1.5 color configuration of teTeX/TeXLive
)
Package color Info: Driver file: pdftex.def on input line 130.
)
(/opt/local/share/texmf-dist/tex/latex/graphics/lscape.sty
Package: lscape 2000/10/22 v3.01 Landscape Pages (DPC)
)
(/opt/local/share/texmf-dist/tex/latex/natbib/natbib.sty
Package: natbib 2007/02/05 8.0 (PWD)
\bibhang=\skip195
\bibsep=\skip196
LaTeX Info: Redefining \cite on input line 602.
\c@NAT@ctr=\count164
)
\c@Example=\count165
\c@CodeExample=\count166
) (./print-chapter.aux)
\openout1 = `print-chapter.aux'.

LaTeX Font Info:    Checking defaults for OML/cmm/m/it on input line 3.
LaTeX Font Info:    ... okay on input line 3.
LaTeX Font Info:    Checking defaults for T1/cmr/m/n on input line 3.
LaTeX Font Info:    ... okay on input line 3.
LaTeX Font Info:    Checking defaults for OT1/cmr/m/n on input line 3.
LaTeX Font Info:    ... okay on input line 3.
LaTeX Font Info:    Checking defaults for OMS/cmsy/m/n on input line 3.
LaTeX Font Info:    ... okay on input line 3.
LaTeX Font Info:    Checking defaults for OMX/cmex/m/n on input line 3.
LaTeX Font Info:    ... okay on input line 3.
LaTeX Font Info:    Checking defaults for U/cmr/m/n on input line 3.
LaTeX Font Info:    ... okay on input line 3.
 (/opt/local/share/texmf-dist/tex/context/base/supp-pdf.tex
[Loading MPS to PDF converter (version 2006.09.02).]
\scratchcounter=\count167
\scratchdimen=\dimen160
\scratchbox=\box33
\nofMPsegments=\count168
\nofMParguments=\count169
\MPscratchCnt=\count170
\MPscratchDim=\dimen161
\MPnumerator=\count171
\everyMPtoPDFconversion=\toks31
) (./print-chapter.fb.bbl
\@bracelevel=\count172
\@bgrouplineno=\count173
) (./print-chapter.fb.aux)
\openout6 = `print-chapter.fb.aux'.

LaTeX Info: Redefining \selectfont on input line 3.
 (../setup2.tex
(/opt/local/share/texmf-dist/tex/latex/listings/lstlang1.sty
File: lstlang1.sty 2004/09/05 1.3 listings language file
)
(/opt/local/share/texmf-dist/tex/latex/listings/lstlang2.sty
File: lstlang2.sty 2004/09/05 1.3 listings language file
)
(/opt/local/share/texmf-dist/tex/latex/listings/lstlang3.sty
File: lstlang3.sty 2004/09/05 1.3 listings language file
))
(./ch-gWidgetsIntro.tex
LaTeX Font Info:    Try loading font information for T1+cmtt on input line 30.
 (/opt/local/share/texmf-dist/tex/latex/base/t1cmtt.fd
File: t1cmtt.fd 1999/05/25 v2.5h Standard LaTeX font definitions
)
LaTeX Font Info:    Try loading font information for OT1+pplx on input line 65.


(/opt/local/share/texmf-dist/tex/latex/psnfss/ot1pplx.fd
File: ot1pplx.fd 2004/09/06 font definitions for OT1/pplx.
)
LaTeX Font Info:    Try loading font information for OML+zplm on input line 65.


(/opt/local/share/texmf-dist/tex/latex/psnfss/omlzplm.fd
File: omlzplm.fd 2002/09/08 Fontinst v1.914 font definitions for OML/zplm.
)
LaTeX Font Info:    Try loading font information for OMS+zplm on input line 65.


(/opt/local/share/texmf-dist/tex/latex/psnfss/omszplm.fd
File: omszplm.fd 2002/09/08 Fontinst v1.914 font definitions for OMS/zplm.
)
LaTeX Font Info:    Try loading font information for OMX+zplm on input line 65.


(/opt/local/share/texmf-dist/tex/latex/psnfss/omxzplm.fd
File: omxzplm.fd 2002/09/08 Fontinst v1.914 font definitions for OMX/zplm.
)
LaTeX Font Info:    Try loading font information for OT1+ptm on input line 65.

(/opt/local/share/texmf-dist/tex/latex/psnfss/ot1ptm.fd
File: ot1ptm.fd 2001/06/04 font definitions for OT1/ptm.
)
LaTeX Font Info:    Font shape `OT1/ptm/bx/n' in size <10> not available
(Font)              Font shape `OT1/ptm/b/n' tried instead on input line 65.
LaTeX Font Info:    Font shape `OT1/ptm/bx/n' in size <7.6> not available
(Font)              Font shape `OT1/ptm/b/n' tried instead on input line 65.
LaTeX Font Info:    Font shape `OT1/ptm/bx/n' in size <6> not available
(Font)              Font shape `OT1/ptm/b/n' tried instead on input line 65.
LaTeX Font Info:    Font shape `U/msa/m/n' will be
(Font)              scaled to size 10.42007pt on input line 65.
LaTeX Font Info:    Font shape `U/msa/m/n' will be
(Font)              scaled to size 7.91925pt on input line 65.
LaTeX Font Info:    Font shape `U/msa/m/n' will be
(Font)              scaled to size 6.25204pt on input line 65.
LaTeX Font Info:    Font shape `U/msb/m/n' will be
(Font)              scaled to size 10.42007pt on input line 65.
LaTeX Font Info:    Font shape `U/msb/m/n' will be
(Font)              scaled to size 7.91925pt on input line 65.
LaTeX Font Info:    Font shape `U/msb/m/n' will be
(Font)              scaled to size 6.25204pt on input line 65.
LaTeX Font Info:    Try loading font information for OT1+zplm on input line 65.


(/opt/local/share/texmf-dist/tex/latex/psnfss/ot1zplm.fd
File: ot1zplm.fd 2002/09/08 Fontinst v1.914 font definitions for OT1/zplm.
)
LaTeX Font Info:    Font shape `OT1/ptm/bx/n' in size <8> not available
(Font)              Font shape `OT1/ptm/b/n' tried instead on input line 65.
LaTeX Font Info:    Font shape `OT1/ptm/bx/n' in size <5> not available
(Font)              Font shape `OT1/ptm/b/n' tried instead on input line 65.
LaTeX Font Info:    Font shape `U/msa/m/n' will be
(Font)              scaled to size 8.33606pt on input line 65.
LaTeX Font Info:    Font shape `U/msa/m/n' will be
(Font)              scaled to size 5.21004pt on input line 65.
LaTeX Font Info:    Font shape `U/msb/m/n' will be
(Font)              scaled to size 8.33606pt on input line 65.
LaTeX Font Info:    Font shape `U/msb/m/n' will be
(Font)              scaled to size 5.21004pt on input line 65.

<ex-33-macosx-rgtk2.png, id=1, 352.31625pt x 243.91125pt>
File: ex-33-macosx-rgtk2.png Graphic file (type png)

<use ex-33-macosx-rgtk2.png>
<fig-gWidgets-ex-33-tlctk.png, id=2, 327.2225pt x 249.93375pt>
File: fig-gWidgets-ex-33-tlctk.png Graphic file (type png)

<use fig-gWidgets-ex-33-tlctk.png>
<ex-33-linux-qt.png, id=3, 432.61626pt x 347.2975pt>
File: ex-33-linux-qt.png Graphic file (type png)
 <use ex-33-linux-qt.png>
<ex-33-gWidgetsWWW.png, id=4, 456.70625pt x 335.2525pt>
File: ex-33-gWidgetsWWW.png Graphic file (type png)

<use ex-33-gWidgetsWWW.png>
LaTeX Font Info:    Font shape `T1/pplx/bx/n' in size <12> not available
(Font)              Font shape `T1/pplx/b/n' tried instead on input line 130.
 [1


{/opt/local/share/texmf/fonts/map/pdftex/updmap/pdftex.map}] <fig-file-search.p
ng, id=14, 676.5275pt x 295.1025pt>
File: fig-file-search.png Graphic file (type png)

<use fig-file-search.png>
LaTeX Font Info:    Font shape `OT1/ptm/bx/n' in size <9> not available
(Font)              Font shape `OT1/ptm/b/n' tried instead on input line 176.
LaTeX Font Info:    Font shape `OT1/ptm/bx/n' in size <7> not available
(Font)              Font shape `OT1/ptm/b/n' tried instead on input line 176.
LaTeX Font Info:    Font shape `U/msa/m/n' will be
(Font)              scaled to size 9.37807pt on input line 176.
LaTeX Font Info:    Font shape `U/msa/m/n' will be
(Font)              scaled to size 7.29405pt on input line 176.
LaTeX Font Info:    Font shape `U/msb/m/n' will be
(Font)              scaled to size 9.37807pt on input line 176.
LaTeX Font Info:    Font shape `U/msb/m/n' will be
(Font)              scaled to size 7.29405pt on input line 176.

Overfull \hbox (10.00357pt too wide) in paragraph at lines 176--177
[][][][][][][][][][][][][][][][][][][][][][][][][][][][][][][][][][][][][][][][
][][][][][][][] 
 []

[2 <./ex-33-macosx-rgtk2.png> <./fig-gWidgets-ex-33-tlctk.png> <./ex-33-linux-q
t.png> <./ex-33-gWidgetsWWW.png>]
Overfull \hbox (15.40363pt too wide) in paragraph at lines 194--195
[][][][][][][][][][][][][][][][][][][][][][][][][][][] 
 []

[3 <./fig-file-search.png>]
LaTeX Font Info:    Font shape `T1/pplx/bx/n' in size <10> not available
(Font)              Font shape `T1/pplx/b/n' tried instead on input line 241.
LaTeX Font Info:    Font shape `T1/cmtt/bx/n' in size <10> not available
(Font)              Font shape `T1/cmtt/m/n' tried instead on input line 252.

Underfull \hbox (badness 10000) in paragraph at lines 278--280

 []

LaTeX Font Info:    Try loading font information for OMS+pplx on input line 282
.
LaTeX Font Info:    No file OMSpplx.fd. on input line 282.

LaTeX Font Warning: Font shape `OMS/pplx/m/n' undefined
(Font)              using `OMS/cmsy/m/n' instead
(Font)              for symbol `textbullet' on input line 282.

[4] [5] [6]
Overfull \hbox (15.40363pt too wide) in paragraph at lines 509--510
[][][][][][][][][][][][][][][][][][][][][][][][][][][] 
 []

[7]
Underfull \hbox (badness 1038) in paragraph at lines 606--606
[]|\T1/pplx/m/n/10 Set han-dler for when wid-get is dou-ble
 []

[8] [9] [10] <fig-gWidgets-yuml.png, id=54, 785.18344pt x 44.41594pt>
File: fig-gWidgets-yuml.png Graphic file (type png)

<use fig-gWidgets-yuml.png>
Overfull \hbox (43.9631pt too wide) in paragraph at lines 807--815
 [][] 
 []

[11 <./fig-gWidgets-yuml.png>] [12]
<fig-gWidgets-example-browser.png, id=62, 833.1125pt x 554.07pt>
File: fig-gWidgets-example-browser.png Graphic file (type png)

<use fig-gWidgets-example-browser.png>
<fig-example-browser-schematic.png, id=63, 803.0pt x 501.875pt>
File: fig-example-browser-schematic.png Graphic file (type png)

<use fig-example-browser-schematic.png> [13

] [14 <./fig-gWidgets-example-browser.png> <./fig-example-browser-schematic.png
>] [15] [16]
LaTeX Font Info:    Font shape `T1/pplx/bx/n' in size <10.95> not available
(Font)              Font shape `T1/pplx/b/n' tried instead on input line 1103.
 [17]
LaTeX Font Info:    Font shape `T1/cmtt/bx/n' in size <10.95> not available
(Font)              Font shape `T1/cmtt/m/n' tried instead on input line 1189.
 [18] [19]
<fig-gWidgets-expand-RGtk2.png, id=91, 374.39874pt x 286.06876pt>
File: fig-gWidgets-expand-RGtk2.png Graphic file (type png)

<use fig-gWidgets-expand-RGtk2.png>
<fig-gWidgets-expand-tcltk.png, id=92, 389.455pt x 305.14pt>
File: fig-gWidgets-expand-tcltk.png Graphic file (type png)

<use fig-gWidgets-expand-tcltk.png>
<fig-gWidgets-expand-Qt.png, id=93, 398.48875pt x 315.1775pt>
File: fig-gWidgets-expand-Qt.png Graphic file (type png)

<use fig-gWidgets-expand-Qt.png> [20 <./fig-gWidgets-expand-RGtk2.png> <./fig-g
Widgets-expand-tcltk.png> <./fig-gWidgets-expand-Qt.png>]
Overfull \hbox (4.60352pt too wide) in paragraph at lines 1336--1337
[][][][][][][][][][][][][][][][][][][][][][][][][][][][][][][][][][][][][][][][
][][][][][][][][][][][] 
 []

<fig-gWidgets-buttons.png, id=100, 607.26875pt x 337.26pt>
File: fig-gWidgets-buttons.png Graphic file (type png)

<use fig-gWidgets-buttons.png> [21 <./fig-gWidgets-buttons.png>]
LaTeX Font Info:    Font shape `T1/cmtt/bx/n' in size <12> not available
(Font)              Font shape `T1/cmtt/m/n' tried instead on input line 1470.
 [22] [23]
[24]
Overfull \hbox (10.00357pt too wide) in paragraph at lines 1690--1691
[][][][][][][][][][][][][][][][][][][][][][][][][][][][][][][][][][][][][][][][
][][][][][][][][][][][][][][][][][][][][][][][][][][][][][][][][][][][][] 
 []

[25] [26

]
Overfull \hbox (4.60352pt too wide) in paragraph at lines 1825--1826
[][][][][][][][][][][][][][][][][][][][][][][][][][][][][][][][][][][][][][][][
][][][][][][][][][][] 
 []

[27] [28]
Underfull \hbox (badness 10000) in paragraph at lines 1907--1913

 []

[29]
Underfull \hbox (badness 10000) in paragraph at lines 1994--1996

 []

<fig-gWidgets-icon-example.png, id=131, 258.9675pt x 165.61874pt>
File: fig-gWidgets-icon-example.png Graphic file (type png)

<use fig-gWidgets-icon-example.png> [30]
Overfull \hbox (10.00357pt too wide) in paragraph at lines 2039--2040
[][][][][][][][][][][][][][][][][][][][][][][][][][][][][][][][][][][][][] 
 []

[31 <./fig-gWidgets-icon-example.png>]
Underfull \hbox (badness 10000) in paragraph at lines 2114--2125

 []

[32] [33]
Underfull \hbox (badness 10000) in paragraph at lines 2299--2309

 []

[34]
Underfull \hbox (badness 10000) in paragraph at lines 2316--2318

 []

<fig-gWidgets-calculuator.png, id=149, 338.26375pt x 274.02374pt>
File: fig-gWidgets-calculuator.png Graphic file (type png)

<use fig-gWidgets-calculuator.png> [35 <./fig-gWidgets-calculuator.png>]
Overfull \hbox (10.00357pt too wide) in paragraph at lines 2357--2358
[][][][][][][][][][][][][][][][][][][][][][][][][][][][][][][][][] 
 []

[36] <fig-gWidgets-EBImage-gui.png, id=157, 809.0225pt x 648.4225pt>
File: fig-gWidgets-EBImage-gui.png Graphic file (type png)

<use fig-gWidgets-EBImage-gui.png> [37] [38 <./fig-gWidgets-EBImage-gui.png>]
Underfull \hbox (badness 10000) in paragraph at lines 2515--2522

 []


Underfull \hbox (badness 10000) in paragraph at lines 2523--2526

 []

[39]
Overfull \hbox (4.60352pt too wide) in paragraph at lines 2652--2653
[][][][][][][][][][][][][][][][][][][][][][][][][][][][][][][][][][][][][][][][
][][][][][][][][][][][][] 
 []

[40] <fig-gWidgets-mean-default.png, id=172, 356.33125pt x 324.21124pt>
File: fig-gWidgets-mean-default.png Graphic file (type png)

<use fig-gWidgets-mean-default.png> [41 <./fig-gWidgets-mean-default.png>]
Overfull \hbox (4.60352pt too wide) in paragraph at lines 2739--2740
[][][][][][][][][][][][][][][][][][][][][][][][][][][][][][][][][][][][] 
 []

[42]
Overfull \hbox (4.60352pt too wide) in paragraph at lines 2859--2860
[][][][][][][][][][][][][][][][][][][][][][][][][][][][][][][][][][][][][][][][
][][][][][][][][][][][][][][] 
 []


Overfull \hbox (4.60352pt too wide) in paragraph at lines 2880--2881
[][][][][][][][][][][][][][][][][][][][][][][][][][][][][][][][][][][][][][][][
][][][][][][][][][][][][][][][][] 
 []

[43]
Overfull \hbox (15.40363pt too wide) in paragraph at lines 2964--2965
[][][][][][][][][][][][][][][][][][][][][][][][][][][][][][][][][][][][][][][][
][][][][][][][][][][][][][] 
 []

[44] <fig-gWidgets-file-search-advanced.png, id=187, 833.1125pt x 378.41376pt>
File: fig-gWidgets-file-search-advanced.png Graphic file (type png)

<use fig-gWidgets-file-search-advanced.png>
Overfull \hbox (4.60352pt too wide) in paragraph at lines 3053--3054
[][][][][][][][][][][][][][][][][][][][][][][][][][][][][][][][][][][] 
 []

[45 <./fig-gWidgets-file-search-advanced.png>] [46] [47]
Underfull \hbox (badness 1048) in paragraph at lines 3209--3216
\T1/cmtt/m/n/10 add3rdMousePopupMenu[] \T1/pplx/m/n/10 meth-ods for as-sign-ing
 han-dlers to right-click
 []

<fig-gWidgets-collapse-factor.png, id=198, 652.4375pt x 303.1325pt>
File: fig-gWidgets-collapse-factor.png Graphic file (type png)

<use fig-gWidgets-collapse-factor.png> [48 <./fig-gWidgets-collapse-factor.png>
] [49] [50]
<fig-gWidgets-filter-example.png, id=210, 810.02625pt x 342.27875pt>
File: fig-gWidgets-filter-example.png Graphic file (type png)

<use fig-gWidgets-filter-example.png> [51 <./fig-gWidgets-filter-example.png>]
<fig-gWidgets-ws-browser.png, id=215, 525.965pt x 311.1625pt>
File: fig-gWidgets-ws-browser.png Graphic file (type png)

<use fig-gWidgets-ws-browser.png> [52]
Underfull \hbox (badness 10000) in paragraph at lines 3550--3556

 []

<fig-gWidgets-observable-observer-uml.png, id=219, 773.89125pt x 212.795pt>
File: fig-gWidgets-observable-observer-uml.png Graphic file (type png)

<use fig-gWidgets-observable-observer-uml.png> [53 <./fig-gWidgets-ws-browser.p
ng>] [54 <./fig-gWidgets-observable-observer-uml.png>]
Overfull \hbox (26.20374pt too wide) in paragraph at lines 3642--3643
[][][][][][][][][][][][][][][][][][][][][][][][][][] 
 []

[55]
Overfull \hbox (4.60352pt too wide) in paragraph at lines 3684--3685
[][][][][][][][][][][][][][][][][] 
 []


Overfull \hbox (4.60352pt too wide) in paragraph at lines 3709--3710
[][][][][][][][][][][][][][][][][][][] 
 []

[56]
Overfull \hbox (4.60352pt too wide) in paragraph at lines 3793--3794
[][][][][][][][][][][][][][][][] 
 []


Overfull \hbox (15.40363pt too wide) in paragraph at lines 3794--3795
[][][][][][][][][][][][][][][][][][][][][][][][][] 
 []

[57]
Overfull \hbox (4.60352pt too wide) in paragraph at lines 3837--3838
[][][][][][][][][][][][][][][][][][][][][][][][][][][][][][][][][][][][][][][] 

 []

[58] [59]
Underfull \hbox (badness 10000) in paragraph at lines 3952--3953

 []

[60]
Overfull \hbox (10.00357pt too wide) in paragraph at lines 4000--4001
[][][][][][][][][][][][][][][][][][][][][][][][] 
 []

<ex-gWidgets-gtree.png, id=247, 431.6125pt x 333.245pt>
File: ex-gWidgets-gtree.png Graphic file (type png)

<use ex-gWidgets-gtree.png>
Overfull \hbox (15.40363pt too wide) in paragraph at lines 4032--4033
[][][][][][][][][][][][][][][][][][][][][][][][][][][][][][][][][][][][][][][][
][][][][][][][][][][][][][][][][][][][][][] 
 []

[61 <./ex-gWidgets-gtree.png>] [62] [63]
<fig-gWidgets-menubar-disabled.png, id=259, 433.62pt x 335.2525pt>
File: fig-gWidgets-menubar-disabled.png Graphic file (type png)

<use fig-gWidgets-menubar-disabled.png> [64 <./fig-gWidgets-menubar-disabled.pn
g>] [65] [66

]
Underfull \hbox (badness 10000) in paragraph at lines 4346--4355

 []

[67] [68]
Overfull \hbox (4.60352pt too wide) in paragraph at lines 4410--4411
[][][][][][][][][][][][][][][][][][][][][][][][][][][][][][][][][] 
 []

<fig-gWidgets-spotfire-gui.png, id=277, 782.925pt x 819.06pt>
File: fig-gWidgets-spotfire-gui.png Graphic file (type png)

<use fig-gWidgets-spotfire-gui.png> [69 <./fig-gWidgets-spotfire-gui.png>]
Overfull \hbox (4.60352pt too wide) in paragraph at lines 4474--4475
[][][][][][][][][][][][][][][][][][][][][][][][][][][][][][][][][][][] 
 []

[70]
Overfull \hbox (4.60352pt too wide) in paragraph at lines 4570--4571
[][][][][][][][][][][][][][][][][][][][][][][][][][][][][][][][][][][][][][][][
][][][][][][][][][][][][][][][][][][] 
 []

[71] [72]
Underfull \hbox (badness 10000) in paragraph at lines 4707--4715

 []

[73]
Underfull \hbox (badness 10000) in paragraph at lines 4749--4751

 []


Overfull \hbox (4.60352pt too wide) in paragraph at lines 4804--4805
[][][][][][][][][][][][][][][][][][][][][][][][][][][] 
 []

[74]
Overfull \hbox (4.60352pt too wide) in paragraph at lines 4808--4809
[][][][][][][][][][][][][][][][][][][][][][][][][][][] 
 []


Overfull \hbox (4.60352pt too wide) in paragraph at lines 4809--4810
[][][][][][][][][][][][][][][][][][][][][][][][][][][] 
 []


Underfull \hbox (badness 10000) in paragraph at lines 4866--4874

 []

[75]) [76]

! Class memoir Error: Font command \bf is not supported.

See the memoir class documentation for explanation.
Type  H <return>  for immediate help.
 ...                                              
                                                  
l.8 \printindex{concepts}{Concept index}
                                        
Use \textbf, or \bfseries{...}, or the oldfontcommands option

(./concepts.ind [77


])

! Class memoir Error: Font command \bf is not supported.

See the memoir class documentation for explanation.
Type  H <return>  for immediate help.
 ...                                              
                                                  
l.9 \printindex{general}{Class and method index}
                                                
Use \textbf, or \bfseries{...}, or the oldfontcommands option

(./general.ind
Overfull \hbox (3.2214pt too wide) in paragraph at lines 78--79
[]| \T1/cmtt/m/n/10 ad-dHan-dler-Colum-nClicked\T1/pplx/m/n/10 , 73 
 []


Overfull \hbox (11.2154pt too wide) in paragraph at lines 79--80
[]| \T1/cmtt/m/n/10 ad-dHan-dler-Colum-n-Dou-bleclick\T1/pplx/m/n/10 ,
 []


Overfull \hbox (5.96667pt too wide) in paragraph at lines 80--81
[]| \T1/cmtt/m/n/10 ad-dHan-dler-Colum-n-Rightclick\T1/pplx/m/n/10 ,
 []

[78


] [79] [80] [81]) (./print-chapter.fb.aux) (./print-chapter.aux)

LaTeX Font Warning: Some font shapes were not available, defaults substituted.

 ) 
Here is how much of TeX's memory you used:
 8744 strings out of 94073
 115117 string characters out of 1164798
 248728 words of memory out of 1500000
 11865 multiletter control sequences out of 10000+50000
 71411 words of font info for 132 fonts, out of 1200000 for 2000
 645 hyphenation exceptions out of 8191
 33i,12n,41p,1788b,2396s stack positions out of 5000i,500n,6000p,200000b,5000s
{/opt/local/share/texmf-dist/fonts/enc/dvips/cm-super/cm-super-t1.enc}{/opt/l
ocal/share/texmf-dist/fonts/enc/dvips/base/8r.enc}</opt/local/share/texmf-dist/
fonts/type1/bluesky/cm/cmmi10.pfb></opt/local/share/texmf-dist/fonts/type1/blue
sky/cm/cmr10.pfb></opt/local/share/texmf-dist/fonts/type1/bluesky/cm/cmsy10.pfb
></opt/local/share/texmf-dist/fonts/type1/public/fpl/fplrc8a.pfb></opt/local/sh
are/texmf-dist/fonts/type1/public/cm-super/sfss1728.pfb></opt/local/share/texmf
-dist/fonts/type1/public/cm-super/sfss2488.pfb></opt/local/share/texmf-dist/fon
ts/type1/public/cm-super/sftt0800.pfb></opt/local/share/texmf-dist/fonts/type1/
public/cm-super/sftt0900.pfb></opt/local/share/texmf-dist/fonts/type1/public/cm
-super/sftt1000.pfb></opt/local/share/texmf-dist/fonts/type1/public/cm-super/sf
tt1095.pfb></opt/local/share/texmf-dist/fonts/type1/public/cm-super/sftt1200.pf
b></opt/local/share/texmf-dist/fonts/type1/urw/palatino/uplb8a.pfb></opt/local/
share/texmf-dist/fonts/type1/urw/palatino/uplr8a.pfb></opt/local/share/texmf-di
st/fonts/type1/urw/palatino/uplri8a.pfb>
Output written on print-chapter.pdf (81 pages, 1157931 bytes).
PDF statistics:
 369 PDF objects out of 1000 (max. 8388607)
 0 named destinations out of 1000 (max. 131072)
 121 words of extra memory for PDF output out of 10000 (max. 10000000)

